number,value,datetime_start,datetime_complete,duration,params_adx_period,params_adx_strength_threshold,params_bear_threshold,params_bull_threshold,params_ema_period,params_ma_period,params_ma_slope_threshold,params_price_proximity_max,params_require_fresh_momentum,params_rsi_exhaustion_threshold,params_rsi_period,params_vol_momentum,params_vol_standard,user_attrs_train_accuracy,user_attrs_train_bear_calls_pct,user_attrs_train_bull_calls_pct,user_attrs_train_bull_precision,user_attrs_train_bull_recall,state
73,21.756698123440717,2026-01-26 18:14:08.677927,2026-01-26 18:14:09.236320,0 days 00:00:00.558393,18,28,28,67,172,23,0.05756564392151736,3.345964576634228,False,77,16,1.0044321436857893,1.0730110106838089,53.51153039832285,9.748427672955975,15.40880503144654,24.149659863945576,16.173120728929387,COMPLETE
74,21.348679215122086,2026-01-26 18:14:09.294942,2026-01-26 18:14:09.873543,0 days 00:00:00.578601,18,30,29,67,171,23,0.04959184586952033,3.114433469735455,False,77,16,1.004320774762828,1.072986517158793,53.61635220125787,9.748427672955975,14.937106918238992,23.859649122807017,15.489749430523919,COMPLETE
75,21.749056539625336,2026-01-26 18:14:09.943229,2026-01-26 18:14:10.504039,0 days 00:00:00.560810,18,28,30,66,159,22,0.04248897423578567,3.35691207733059,False,77,18,1.0292002357072836,1.0681601769913527,53.90256678889471,10.267155578837087,14.038763750654793,24.62686567164179,15.034168564920272,COMPLETE
76,21.695376020484513,2026-01-26 18:14:10.553974,2026-01-26 18:14:11.127397,0 days 00:00:00.573423,18,29,30,66,151,22,0.03843678667578723,3.326099625312072,False,77,19,1.0262175404823548,1.0583646384642347,53.5882661079099,10.843373493975903,14.3530644316396,24.45255474452555,15.261958997722095,COMPLETE
77,20.889033517735108,2026-01-26 18:14:11.193644,2026-01-26 18:14:11.821620,0 days 00:00:00.627976,18,28,28,65,158,23,0.04167458303035927,3.2364335624726106,False,76,17,1.052749566616104,1.071887454090406,54.45492662473794,9.643605870020965,12.840670859538783,24.081632653061224,13.439635535307518,COMPLETE
78,22.169009389410522,2026-01-26 18:14:11.885158,2026-01-26 18:14:12.437145,0 days 00:00:00.551987,17,29,30,66,154,22,0.057556645707755226,3.033891518284572,False,77,18,1.0061965083553306,1.0656702121293282,53.5882661079099,10.529072812991094,15.03404924044002,24.738675958188153,16.173120728929387,COMPLETE
79,21.4667128150229,2026-01-26 18:14:12.515904,2026-01-26 18:14:13.072853,0 days 00:00:00.556949,17,29,28,67,163,23,0.05773683767953544,3.0078334219131118,False,78,16,1.0046045419446814,1.0758909963211574,53.77358490566038,9.538784067085954,14.832285115303984,24.02826855123675,15.489749430523919,COMPLETE
80,21.483111941508195,2026-01-26 18:14:13.124782,2026-01-26 18:14:13.717297,0 days 00:00:00.592515,17,27,33,65,155,22,0.06128060715838309,2.9591355567036066,False,78,20,1.0430036743406297,1.0564677169991963,53.79779989523311,11.000523834468307,13.986380303823992,24.344569288389515,14.80637813211845,COMPLETE
81,20.987367985090078,2026-01-26 18:14:13.777823,2026-01-26 18:14:14.342576,0 days 00:00:00.564753,18,28,30,66,159,22,0.06306072554501135,3.2422058769001474,False,77,18,1.0182319771531887,1.0654550857500482,53.4834992142483,10.633839706652697,14.405447878470405,23.636363636363637,14.80637813211845,COMPLETE
82,21.944212833627024,2026-01-26 18:14:14.417093,2026-01-26 18:14:14.898535,0 days 00:00:00.481442,17,30,31,66,167,23,0.050047745574484756,3.363205171631934,False,76,18,1.0361578866165333,1.066113232702585,54.19287211740041,10.272536687631026,13.88888888888889,24.90566037735849,15.034168564920272,COMPLETE
83,21.928155300663214,2026-01-26 18:14:14.973637,2026-01-26 18:14:15.535150,0 days 00:00:00.561513,17,30,31,67,167,23,0.055822392115954654,3.3987424411062825,False,76,17,1.071620356540804,1.0815590601491178,55.13626834381551,9.80083857442348,11.844863731656185,25.663716814159294,13.211845102505695,COMPLETE
84,21.472602739726028,2026-01-26 18:14:15.613260,2026-01-26 18:14:16.172785,0 days 00:00:00.559525,17,30,30,65,167,24,0.05095205593007769,3.5682273923235384,False,76,17,1.075545224897677,1.08413212135018,55.00786575773466,9.543786051389617,12.165705296276874,25.0,13.24200913242009,COMPLETE
85,17.46692760969767,2026-01-26 18:14:16.271295,2026-01-26 18:14:16.787370,0 days 00:00:00.516075,16,30,32,66,167,23,0.05562720858635819,3.400161442867765,False,75,18,1.0357910553833325,1.2448642392344296,56.23689727463312,5.345911949685535,11.163522012578616,20.657276995305164,10.022779043280181,COMPLETE
86,0.0,2026-01-26 18:14:16.845926,2026-01-26 18:14:17.456759,0 days 00:00:00.610833,17,29,31,68,174,23,0.047912291923145174,4.06857550842248,True,76,18,1.0676374556741306,1.0863655117903748,,,,,,COMPLETE
87,0.0,2026-01-26 18:14:17.510932,2026-01-26 18:14:18.379805,0 days 00:00:00.868873,17,29,32,66,163,24,0.06078705338960893,2.8633213872905787,False,75,17,1.1091104137313457,1.0801660400863602,,,,,,COMPLETE
88,20.180930686625445,2026-01-26 18:14:18.477284,2026-01-26 18:14:19.032399,0 days 00:00:00.555115,16,30,33,67,166,22,0.06948428865774543,3.03163736676079,False,76,19,1.051586972313506,1.0672630539656225,54.11210057621791,10.581456259821897,12.83394447354636,23.26530612244898,12.984054669703873,COMPLETE
89,22.339641921955163,2026-01-26 18:14:19.138626,2026-01-26 18:14:20.057098,0 days 00:00:00.918472,17,26,31,67,161,21,0.06569896190193387,3.6666328726193163,False,75,16,0.9934536311780516,1.055373907255549,52.72251308900524,10.94240837696335,16.80628272251309,24.299065420560748,17.76765375854214,COMPLETE
90,21.8977614668579,2026-01-26 18:14:20.454264,2026-01-26 18:14:20.849326,0 days 00:00:00.395062,16,26,29,68,161,21,0.055384746265083856,3.7041776922212684,False,75,17,0.9952566955607117,1.0575257791215473,52.46073298429319,10.575916230366492,16.963350785340314,23.765432098765434,17.539863325740317,COMPLETE
91,22.02754383398466,2026-01-26 18:14:20.959449,2026-01-26 18:14:21.513063,0 days 00:00:00.553614,16,26,29,68,161,21,0.06458718195967134,3.6687053369040714,False,75,17,0.9923316849626573,1.0596000983231018,52.5130890052356,10.523560209424083,17.12041884816754,23.853211009174313,17.76765375854214,COMPLETE
92,21.413134063003497,2026-01-26 18:14:21.599752,2026-01-26 18:14:22.043091,0 days 00:00:00.443339,16,26,29,67,153,20,0.055496546570135474,3.755808018048438,False,75,17,0.994709157647127,1.0583749988640705,52.38095238095239,10.570381998953428,17.16378859236002,23.170731707317074,17.312072892938495,COMPLETE
93,22.710104943920797,2026-01-26 18:14:22.385752,2026-01-26 18:14:22.863683,0 days 00:00:00.477931,16,26,31,68,161,21,0.060111555230996434,3.682217137497294,False,75,19,0.97597471108259,1.0546212965626367,52.35602094240838,10.890052356020941,17.853403141361255,24.34017595307918,18.906605922551254,COMPLETE
94,22.783797167475488,2026-01-26 18:14:22.934620,2026-01-26 18:14:23.414907,0 days 00:00:00.480287,16,25,31,68,156,21,0.05951020486026838,3.681377407310668,False,75,20,0.9754357382319783,1.0548900333135098,52.25130890052356,10.94240837696335,18.06282722513089,24.347826086956523,19.134396355353076,COMPLETE
95,22.83334216241987,2026-01-26 18:14:23.493971,2026-01-26 18:14:23.916781,0 days 00:00:00.422810,16,25,31,67,156,21,0.06519849426647432,3.5270584102056146,False,75,21,0.97685618409505,1.054444440941539,52.46073298429319,10.732984293193718,18.010471204188484,24.418604651162788,19.134396355353076,COMPLETE
96,22.810624844611986,2026-01-26 18:14:23.977026,2026-01-26 18:14:24.386954,0 days 00:00:00.409928,16,25,31,67,153,21,0.06596755283296638,3.5210582718916834,False,74,21,0.9810136531156773,1.0550590541058393,52.56544502617801,10.732984293193718,17.748691099476442,24.48377581120944,18.906605922551254,COMPLETE
97,22.097897520488047,2026-01-26 18:14:24.442612,2026-01-26 18:14:24.875427,0 days 00:00:00.432815,16,25,34,67,153,20,0.06556326901755297,3.549887798052394,False,74,21,0.9729627205427208,1.0547011397445427,52.06698063840921,10.727367870225013,18.210361067503925,23.563218390804597,18.678815489749432,COMPLETE
98,22.114254885505336,2026-01-26 18:14:24.932519,2026-01-26 18:14:25.364990,0 days 00:00:00.432471,16,25,32,68,150,20,0.06630623609704786,3.5362700473986006,False,74,21,0.979081820044483,1.0568193520770657,52.2239665096808,10.675039246467819,17.896389324960754,23.684210526315788,18.45102505694761,COMPLETE
99,22.46388929121624,2026-01-26 18:14:25.421427,2026-01-26 18:14:25.864659,0 days 00:00:00.443232,15,25,34,67,150,20,0.05951347199443693,3.4869092143594527,False,74,21,0.9774519053472389,1.0540428971612625,52.27629513343799,10.779696493982208,18.105703819989536,23.98843930635838,18.906605922551254,COMPLETE
100,0.0,2026-01-26 18:14:25.929914,2026-01-26 18:14:26.383516,0 days 00:00:00.453602,15,25,33,69,151,20,0.059153145837007565,3.8309157491664685,True,74,20,0.9816686018252119,1.050038365124154,,,,,,COMPLETE
101,22.41549762690947,2026-01-26 18:20:28.113019,2026-01-26 18:20:28.595200,0 days 00:00:00.482181,15,25,35,67,154,20,0.06469549138370308,3.5135706452300455,False,74,21,0.9734618006911925,1.0547351486422847,51.857666143380435,11.773940345368917,18.15803244374673,23.919308357348704,18.906605922551254,COMPLETE
102,21.198633257403188,2026-01-26 18:20:28.659183,2026-01-26 18:20:29.173301,0 days 00:00:00.514118,14,24,35,67,156,21,0.05981234335568262,3.5338640910679486,False,74,20,0.9751371486578616,1.0545793147782816,51.30890052356021,11.780104712041885,18.32460732984293,22.57142857142857,17.995444191343964,COMPLETE
103,21.805892677097724,2026-01-26 18:20:29.219314,2026-01-26 18:20:29.618286,0 days 00:00:00.398972,15,25,34,68,150,20,0.06748946073569458,3.616432759657495,False,74,21,0.9581269480179492,1.0628803600463155,51.59602302459445,10.413396127681843,19.15227629513344,22.950819672131146,19.134396355353076,COMPLETE
104,21.726692523959034,2026-01-26 18:20:29.675407,2026-01-26 18:20:30.074835,0 days 00:00:00.399428,15,25,32,67,154,21,0.062311618532087026,3.4826891337994295,False,73,20,0.9875064089567609,1.0551113279343896,52.25130890052356,10.94240837696335,17.43455497382199,23.423423423423422,17.76765375854214,COMPLETE
105,21.376061296334644,2026-01-26 18:20:30.136443,2026-01-26 18:20:30.614676,0 days 00:00:00.478233,14,24,34,68,157,20,0.06529715412625697,3.6416428590248335,False,75,21,0.9759665649664347,1.0638506819035938,52.06698063840921,10.204081632653061,18.419675562532706,22.727272727272727,18.223234624145785,COMPLETE
106,21.718579776171136,2026-01-26 18:20:30.674469,2026-01-26 18:20:31.133036,0 days 00:00:00.458567,16,25,32,68,154,20,0.060190065433723294,3.437365233503948,False,74,21,0.9591142770711326,1.0536978811159148,51.33437990580848,10.727367870225013,19.25693354264783,22.82608695652174,19.134396355353076,COMPLETE
107,21.50439397363005,2026-01-26 18:20:31.205606,2026-01-26 18:20:31.627911,0 days 00:00:00.422305,15,24,35,69,156,21,0.06326886584552432,3.7327253461573773,False,74,20,0.9509926813037147,1.0620253773032555,50.73298429319372,11.518324607329843,19.528795811518325,22.5201072386059,19.134396355353076,COMPLETE
108,0.0,2026-01-26 18:20:31.695997,2026-01-26 18:20:32.114759,0 days 00:00:00.418762,16,25,33,76,152,21,0.05826967599401288,3.5072348672516096,False,73,21,0.990386738913447,1.0693250984767722,,,,,,COMPLETE
109,21.949265499270084,2026-01-26 18:20:32.173525,2026-01-26 18:20:32.595077,0 days 00:00:00.421552,16,26,34,67,150,19,0.06696663571325576,3.8036065953124347,False,75,20,0.9993340078612845,1.0601404034117894,52.61506276150628,10.87866108786611,16.893305439330543,23.8390092879257,17.539863325740317,COMPLETE
110,21.295208408264394,2026-01-26 18:20:32.702150,2026-01-26 18:20:33.105569,0 days 00:00:00.403419,15,24,31,67,160,20,0.06880402888287328,2.768500684874886,False,75,21,0.9789465695542136,1.0503323375763702,52.119309262166404,10.727367870225013,17.896389324960754,22.807017543859647,17.76765375854214,COMPLETE
111,22.05063605093629,2026-01-26 18:20:33.171184,2026-01-26 18:20:33.637214,0 days 00:00:00.466030,16,25,33,67,153,20,0.06521192216183964,3.6424124106440074,False,74,21,0.971028666688178,1.0545612240016307,52.01465201465202,10.727367870225013,18.26268969126112,23.49570200573066,18.678815489749432,COMPLETE
112,21.147018185891927,2026-01-26 18:20:33.703831,2026-01-26 18:20:34.172340,0 days 00:00:00.468509,16,25,34,68,154,19,0.06567912410509907,3.277044884035578,False,73,21,1.0123755915562385,1.0577992300792705,52.82426778242678,10.669456066945607,15.951882845188283,23.278688524590162,16.173120728929387,COMPLETE
113,22.38727037791898,2026-01-26 18:20:34.238232,2026-01-26 18:20:34.650997,0 days 00:00:00.412765,16,26,32,67,157,21,0.062484542465229526,3.5477139765934558,False,74,20,0.9707201105474264,1.0545458145356903,52.14659685863874,10.890052356020941,17.905759162303664,23.976608187134502,18.678815489749432,COMPLETE
114,22.385399390264887,2026-01-26 18:20:34.718051,2026-01-26 18:20:35.147886,0 days 00:00:00.429835,15,26,32,68,158,21,0.0622298885612615,3.4321071523049094,False,75,20,0.9845996966228552,1.06583377165874,52.72251308900524,10.366492146596858,17.329842931937172,24.169184290030213,18.223234624145785,COMPLETE
115,21.143904129939585,2026-01-26 18:20:35.215090,2026-01-26 18:20:35.612021,0 days 00:00:00.396931,14,26,30,69,158,21,0.06236509211697282,3.4317858672755723,False,75,20,0.999157505337672,1.0642103290989877,52.617801047120416,10.471204188481675,16.858638743455497,22.981366459627328,16.856492027334852,COMPLETE
116,22.33444026676181,2026-01-26 18:20:35.679027,2026-01-26 18:20:36.095688,0 days 00:00:00.416661,15,26,31,66,156,21,0.054206967646661615,3.888201432306806,False,75,19,0.9860720043498182,1.070262334402613,52.774869109947645,10.314136125654452,17.382198952879584,24.096385542168676,18.223234624145785,COMPLETE
117,21.926040808413703,2026-01-26 18:20:36.157694,2026-01-26 18:20:36.551898,0 days 00:00:00.394204,15,26,31,67,157,21,0.05377462034767007,3.7041238937924574,False,75,19,0.9855009887591935,1.0726271853692217,52.67015706806283,10.209424083769633,17.225130890052355,23.70820668693009,17.76765375854214,COMPLETE
118,22.61075728696946,2026-01-26 18:20:36.615432,2026-01-26 18:20:37.030604,0 days 00:00:00.415172,15,26,32,68,163,21,0.060139009807416266,3.863424901827087,False,75,19,0.968900143016032,1.0691169821894466,52.56544502617801,10.261780104712042,17.958115183246072,24.198250728862973,18.906605922551254,COMPLETE
119,22.783797167475488,2026-01-26 18:20:37.103137,2026-01-26 18:20:37.521221,0 days 00:00:00.418084,15,27,32,68,163,21,0.061196682680116236,3.8760714455462666,False,75,19,0.9698505243136194,1.053056586488979,52.25130890052356,10.890052356020941,18.06282722513089,24.347826086956523,19.134396355353076,COMPLETE
120,0.0,2026-01-26 18:20:37.576302,2026-01-26 18:20:37.974452,0 days 00:00:00.398150,14,26,32,68,240,16,0.060032238072146825,3.7729554548824207,True,74,20,0.9681948422648354,1.0525449747488544,,,,,,COMPLETE
121,19.307406974103465,2026-01-26 18:20:38.035974,2026-01-26 18:20:38.446294,0 days 00:00:00.410320,15,27,31,68,163,21,0.06399843834196325,3.888207415520638,False,75,19,0.9449896218867866,1.1637635399736292,52.931937172774866,7.329842931937172,17.329842931937172,20.84592145015106,15.717539863325742,COMPLETE
122,22.336433814224243,2026-01-26 18:20:38.503381,2026-01-26 18:20:38.922806,0 days 00:00:00.419425,15,27,32,69,160,21,0.053876048732762555,3.869928203141973,False,75,19,0.9603902681810055,1.0609202862509317,51.67539267015707,10.68062827225131,18.848167539267017,23.61111111111111,19.362186788154897,COMPLETE
123,22.522139182513882,2026-01-26 18:20:38.983433,2026-01-26 18:20:39.441637,0 days 00:00:00.458204,15,27,33,69,160,21,0.07244198977325028,3.9748668608831337,False,75,20,0.9630599858697397,1.062384945971182,51.98952879581152,10.523560209424083,18.638743455497384,23.876404494382022,19.362186788154897,COMPLETE
124,21.781725855193166,2026-01-26 18:20:39.503753,2026-01-26 18:20:39.907877,0 days 00:00:00.404124,14,27,33,68,162,21,0.07195820253841839,3.989967087522505,False,74,20,0.9677777899970881,1.0526530139058878,51.93717277486911,10.837696335078533,18.272251308900522,23.20916905444126,18.45102505694761,COMPLETE
125,22.61075728696946,2026-01-26 18:20:39.972899,2026-01-26 18:20:40.386376,0 days 00:00:00.413477,15,26,33,69,164,21,0.06216256691043756,3.601290333174138,False,75,20,0.9761089221288345,1.0500757380570362,52.303664921465966,10.99476439790576,17.958115183246072,24.198250728862973,18.906605922551254,COMPLETE
126,22.5125614869103,2026-01-26 18:20:40.447786,2026-01-26 18:20:40.899216,0 days 00:00:00.451430,15,27,35,69,164,20,0.061076042181929475,3.5893681758162854,False,74,20,0.9731477787296197,1.050336233846088,51.80533751962323,11.878597592883306,18.053375196232338,24.057971014492754,18.906605922551254,COMPLETE
127,21.88973711752755,2026-01-26 18:20:40.965500,2026-01-26 18:20:41.401738,0 days 00:00:00.436238,15,27,35,69,164,20,0.0728617798797294,3.605199528603169,False,73,20,0.9519073795259071,1.0507390119801892,50.91575091575091,11.878597592883306,19.361590790162218,22.972972972972975,19.362186788154897,COMPLETE
128,21.417660458260755,2026-01-26 18:20:41.461633,2026-01-26 18:20:41.851803,0 days 00:00:00.390170,14,27,34,69,169,20,0.05670652104930543,3.5044928837117837,False,74,20,0.9613219876205604,1.0611681140905003,51.70068027210885,10.518053375196232,18.681318681318682,22.689075630252102,18.45102505694761,COMPLETE
129,22.46388929121624,2026-01-26 18:20:41.911325,2026-01-26 18:20:42.329237,0 days 00:00:00.417912,15,27,35,69,164,20,0.06860984262722543,3.8082180568207282,False,74,21,0.9715463335774754,1.0502211473221916,51.96232339089482,11.826268969126112,18.105703819989536,23.98843930635838,18.906605922551254,COMPLETE
130,21.548089091369274,2026-01-26 18:20:42.382863,2026-01-26 18:20:42.809987,0 days 00:00:00.427124,15,28,35,69,164,20,0.060990380977345174,3.8303294831201558,False,73,21,0.9542935006425621,1.0594449430630437,51.33437990580848,11.564625850340136,18.83830455259027,22.77777777777778,18.678815489749432,COMPLETE
131,21.2560242796212,2026-01-26 18:20:42.868513,2026-01-26 18:20:43.299100,0 days 00:00:00.430587,15,27,34,69,159,18,0.06896154517237978,3.740222912610539,False,74,21,0.9726178295444241,1.054451344047554,52.169367485624676,10.925248301097753,17.616309461578673,22.8486646884273,17.539863325740317,COMPLETE
132,22.5125614869103,2026-01-26 18:20:43.361005,2026-01-26 18:20:43.757980,0 days 00:00:00.396975,15,26,35,69,165,21,0.06334819746115966,3.9670570882196765,False,74,20,0.9763945759194395,1.0500699669617566,51.832460732984295,11.937172774869111,18.06282722513089,24.057971014492754,18.906605922551254,COMPLETE
133,22.5125614869103,2026-01-26 18:20:43.823799,2026-01-26 18:20:44.241595,0 days 00:00:00.417796,15,27,35,69,162,20,0.07614358570864323,4.009652050132407,False,75,19,0.976574883172304,1.059107050443477,51.857666143380435,11.72161172161172,18.053375196232338,24.057971014492754,18.906605922551254,COMPLETE
134,21.711317623184897,2026-01-26 18:20:44.306068,2026-01-26 18:20:44.710514,0 days 00:00:00.404446,14,27,33,69,162,21,0.07519697263416841,3.9491707932273665,False,75,19,0.9788234242701904,1.0588591892370303,52.303664921465966,10.68062827225131,17.748691099476442,23.303834808259587,17.995444191343964,COMPLETE
135,21.3728754161556,2026-01-26 18:20:44.777171,2026-01-26 18:20:45.178371,0 days 00:00:00.401200,13,27,35,69,165,19,0.08092617040834511,4.166058382939607,False,75,19,0.9617049079102566,1.0503849387585469,51.25523012552301,11.872384937238493,19.03765690376569,22.52747252747253,18.678815489749432,COMPLETE
136,20.936583646912243,2026-01-26 18:20:45.241900,2026-01-26 18:20:45.647008,0 days 00:00:00.405108,15,26,34,70,165,20,0.06796826920058384,4.026501781083623,False,67,20,0.9358970560417478,1.0670576423616736,51.0727367870225,10.361067503924646,18.94296180010466,22.099447513812155,18.223234624145785,COMPLETE
137,22.585893167634886,2026-01-26 18:20:45.704431,2026-01-26 18:20:46.125644,0 days 00:00:00.421213,15,26,35,69,169,21,0.07637166470240844,4.002551366718467,False,76,19,0.9821596808856001,1.062585198666069,52.19895287958115,11.465968586387435,17.69633507853403,24.2603550295858,18.678815489749432,COMPLETE
138,19.098634850343277,2026-01-26 18:20:46.183680,2026-01-26 18:20:46.582910,0 days 00:00:00.399230,15,28,35,69,169,21,0.07136307919717357,3.983741484824774,False,76,19,0.9810672944093562,1.1937326754078477,54.45026178010471,7.015706806282722,14.973821989528796,21.328671328671327,13.895216400911162,COMPLETE
139,19.469583277502345,2026-01-26 18:20:46.639669,2026-01-26 18:20:47.058300,0 days 00:00:00.418631,15,15,33,71,160,21,0.07350402666954386,4.126143025692021,False,76,19,0.9693369404460861,1.063424108647265,51.57068062827225,10.418848167539267,17.801047120418847,20.88235294117647,16.173120728929387,COMPLETE
140,21.20147073388135,2026-01-26 18:20:47.121806,2026-01-26 18:20:47.522003,0 days 00:00:00.400197,14,27,34,69,162,21,0.07888879750459946,3.7939762046970817,False,74,20,0.9473230790869691,1.0502083892182046,51.25654450261779,10.94240837696335,19.26701570680628,22.282608695652172,18.678815489749432,COMPLETE
141,22.084181069736317,2026-01-26 18:20:47.580943,2026-01-26 18:20:47.993561,0 days 00:00:00.412618,15,26,35,68,170,20,0.0764556949244074,3.9034275254286963,False,75,20,0.9900974322722724,1.0584067627542106,52.01465201465202,11.669283097854526,17.63474620617478,23.738872403560833,18.223234624145785,COMPLETE
142,22.38727037791898,2026-01-26 18:20:48.060563,2026-01-26 18:20:48.486100,0 days 00:00:00.425537,15,26,35,70,165,22,0.05904195413286904,3.852768537913666,False,76,19,0.9769203130973967,1.0624300490769725,51.91199580932425,11.576741749607123,17.915138816134103,23.976608187134502,18.678815489749432,COMPLETE
143,22.54031890660592,2026-01-26 18:20:48.550684,2026-01-26 18:20:48.965155,0 days 00:00:00.414471,15,27,34,69,168,19,0.07747991901227189,4.062872993272546,False,75,21,0.9636414008415555,1.0687707935721205,52.562761506276146,10.094142259414227,18.305439330543933,24.0,19.134396355353076,COMPLETE
