number,value,datetime_start,datetime_complete,duration,params_adx_period,params_adx_strength_threshold,params_bear_threshold,params_bull_threshold,params_ema_period,params_ma_period,params_ma_slope_threshold,params_price_proximity_max,params_require_fresh_momentum,params_rsi_exhaustion_threshold,params_rsi_period,params_vol_momentum,params_vol_standard,user_attrs_train_accuracy,user_attrs_train_bear_calls_pct,user_attrs_train_bull_calls_pct,user_attrs_train_bull_precision,user_attrs_train_bull_recall,state
144,22.569219416728156,2026-01-26 18:20:49.028702,2026-01-26 18:20:49.452299,0 days 00:00:00.423597,15,27,34,70,166,21,0.07724680243180837,4.054063175898983,False,75,21,0.9628684321218866,1.0682398458566107,52.40837696335079,10.052356020942408,18.586387434554975,23.943661971830984,19.362186788154897,COMPLETE
145,21.956921000201184,2026-01-26 18:20:49.503933,2026-01-26 18:20:49.923038,0 days 00:00:00.419105,16,28,34,70,167,21,0.08249544717012354,4.06607220866148,False,75,21,0.9557361484331514,1.0768607251406142,52.35602094240838,9.842931937172775,18.376963350785342,23.36182336182336,18.678815489749432,COMPLETE
146,22.350488398131343,2026-01-26 18:20:49.973046,2026-01-26 18:20:50.387870,0 days 00:00:00.414824,15,26,33,70,159,19,0.07599768561740579,4.178144166516614,False,76,21,0.9640882591917274,1.0693478548003306,52.40585774058577,10.094142259414227,18.514644351464433,23.728813559322035,19.134396355353076,COMPLETE
147,0.0,2026-01-26 18:20:50.444748,2026-01-26 18:20:50.837900,0 days 00:00:00.393152,16,27,33,69,168,21,0.07821416843759242,3.997301511404674,True,75,20,0.9398208323552355,1.0675978273395403,,,,,,COMPLETE
148,22.33833852447585,2026-01-26 18:20:50.899996,2026-01-26 18:20:51.309325,0 days 00:00:00.409329,15,26,34,68,162,22,0.07876023246069196,4.367096195973524,False,76,20,0.9816893713388094,1.0579545671899808,52.48821372446307,10.895756940806706,17.967522262964902,23.9067055393586,18.678815489749432,COMPLETE
149,20.10838902381994,2026-01-26 18:20:51.369591,2026-01-26 18:20:51.820139,0 days 00:00:00.450548,14,28,34,74,156,21,0.07385265755898925,4.136118721743573,False,75,19,0.9575294117824007,1.0627550150281357,52.82722513089006,10.471204188481675,15.811518324607329,22.185430463576157,15.261958997722095,COMPLETE
150,21.970090125779937,2026-01-26 18:20:51.884654,2026-01-26 18:20:52.346319,0 days 00:00:00.461665,16,27,33,68,166,21,0.060730119065647986,4.061899839548378,False,75,21,0.9658833103131509,1.0747924200996144,52.40837696335079,9.895287958115183,18.06282722513089,23.47826086956522,18.45102505694761,COMPLETE
151,22.33833852447585,2026-01-26 18:20:52.429858,2026-01-26 18:20:54.774284,0 days 00:00:02.344426,15,27,35,69,163,20,0.06340553613296836,3.939056885044304,False,74,21,0.9751256256631445,1.056811422147991,51.96232339089482,11.616954474097332,17.94871794871795,23.9067055393586,18.678815489749432,COMPLETE
152,22.41549762690947,2026-01-26 18:20:54.850373,2026-01-26 18:20:55.558412,0 days 00:00:00.708039,15,27,35,70,165,20,0.06996967289122727,3.6849742584200467,False,74,21,0.9681174811089803,1.0531666478026582,51.80533751962323,11.72161172161172,18.15803244374673,23.919308357348704,18.906605922551254,COMPLETE
153,22.183388297691494,2026-01-26 18:20:55.620900,2026-01-26 18:20:56.692899,0 days 00:00:01.071999,15,26,35,69,160,21,0.06755717732692249,3.6043936641327736,False,75,20,0.9885780883896356,1.050607218284035,51.98952879581152,11.884816753926701,17.539267015706805,23.88059701492537,18.223234624145785,COMPLETE
154,22.133637053910398,2026-01-26 18:20:56.768570,2026-01-26 18:20:58.488789,0 days 00:00:01.720219,15,28,34,69,163,20,0.07757154434775779,3.749569089961516,False,74,21,0.9758794935355368,1.060730704736484,52.43328100470958,10.465724751439037,17.582417582417584,23.809523809523807,18.223234624145785,COMPLETE
155,22.4859975881013,2026-01-26 18:20:58.560030,2026-01-26 18:20:59.263168,0 days 00:00:00.703138,16,27,34,68,152,21,0.05759424654725272,4.202709966075814,False,75,21,0.9810350310280102,1.0563565350516264,52.617801047120416,10.523560209424083,17.801047120418847,24.11764705882353,18.678815489749432,COMPLETE
156,22.636285596479723,2026-01-26 18:20:59.326914,2026-01-26 18:20:59.826748,0 days 00:00:00.499834,16,26,34,68,152,21,0.05893781717080281,4.200557981936471,False,76,20,0.9828234182692385,1.0682115572025634,52.82722513089006,10.261780104712042,17.643979057591622,24.33234421364985,18.678815489749432,COMPLETE
157,22.535798039255212,2026-01-26 18:20:59.912993,2026-01-26 18:21:00.451079,0 days 00:00:00.538086,16,26,33,68,152,21,0.05673835523624639,4.202925469751892,False,76,20,0.9838115350691032,1.0666092240295355,52.67015706806283,10.314136125654452,17.748691099476442,24.188790560471976,18.678815489749432,COMPLETE
158,22.5113554212759,2026-01-26 18:21:00.520013,2026-01-26 18:21:00.979717,0 days 00:00:00.459704,16,26,33,68,156,21,0.056517179416871684,4.285077324984582,False,76,19,0.9859422352832893,1.07030982273243,52.82722513089006,10.261780104712042,17.486910994764397,24.251497005988025,18.45102505694761,COMPLETE
159,22.130296127562637,2026-01-26 18:21:01.046745,2026-01-26 18:21:01.717856,0 days 00:00:00.671111,16,26,32,68,158,22,0.061538458549219036,4.103084535205577,False,76,20,0.9966274897056338,1.0655356660702222,52.95966474594028,10.37192247249869,17.024620220010476,24.0,17.76765375854214,COMPLETE
160,22.0284075492652,2026-01-26 18:21:01.781833,2026-01-26 18:21:02.242745,0 days 00:00:00.460912,16,26,33,68,160,21,0.058849343964656915,4.263778053920301,False,76,20,0.96232470343187,1.0779191893676892,51.832460732984295,10.052356020942408,18.90052356020942,23.26869806094183,19.134396355353076,COMPLETE
161,22.840881884162066,2026-01-26 18:21:02.333773,2026-01-26 18:21:02.778688,0 days 00:00:00.444915,16,26,33,68,155,21,0.08108440169906618,4.471903219351698,False,76,19,0.9849400423602231,1.0713981254141705,52.931937172774866,10.209424083769633,17.43455497382199,24.624624624624623,18.678815489749432,COMPLETE
162,22.361823441452266,2026-01-26 18:21:02.853658,2026-01-26 18:21:03.313985,0 days 00:00:00.460327,16,26,32,69,155,21,0.08234096858143802,4.041803816996258,False,76,19,0.9917596282633128,1.0719732659593264,52.931937172774866,10.261780104712042,17.06806282722513,24.233128834355828,17.995444191343964,COMPLETE
163,22.840881884162066,2026-01-26 18:21:03.386634,2026-01-26 18:21:03.843145,0 days 00:00:00.456511,16,26,33,68,154,21,0.07973176484928811,3.97646486965118,False,75,19,0.9816294257105881,1.0668966968893785,52.82722513089006,10.418848167539267,17.43455497382199,24.624624624624623,18.678815489749432,COMPLETE
164,22.36023333310802,2026-01-26 18:21:03.909393,2026-01-26 18:21:04.468298,0 days 00:00:00.558905,16,26,32,68,152,22,0.06364254587688217,3.942112326860141,False,76,20,0.9838549950784898,1.067004102950047,52.697747511786275,10.424305919329493,17.653221581980095,24.03560830860534,18.45102505694761,COMPLETE
165,21.951074576606914,2026-01-26 18:21:04.547799,2026-01-26 18:21:05.045847,0 days 00:00:00.498048,16,25,33,68,154,21,0.07877967265366155,4.463163461577502,False,75,18,1.148590563246477,1.0639766694038304,55.44502617801047,10.418848167539267,10.837696335078533,26.08695652173913,12.300683371298406,COMPLETE
166,22.22468832947193,2026-01-26 18:21:05.109620,2026-01-26 18:21:05.642861,0 days 00:00:00.533241,16,26,33,68,152,21,0.06022963785312277,4.199067397748978,False,77,19,0.9664606207541873,1.0756339646539141,52.09424083769634,10.104712041884817,18.376963350785342,23.646723646723647,18.906605922551254,COMPLETE
167,21.760398663792312,2026-01-26 18:21:05.708103,2026-01-26 18:21:06.396204,0 days 00:00:00.688101,16,25,32,68,227,21,0.08070801756814437,4.3439663100922425,False,76,20,0.9514603920697065,1.0701200180970014,51.72774869109947,10.052356020942408,19.528795811518325,22.78820375335121,19.362186788154897,COMPLETE
168,22.367384075615952,2026-01-26 18:21:06.491175,2026-01-26 18:21:07.148646,0 days 00:00:00.657471,16,26,31,69,157,21,0.058002083230385595,4.550320463847718,False,75,19,0.971377097930327,1.062242924586576,52.303664921465966,10.418848167539267,18.219895287958117,23.850574712643677,18.906605922551254,COMPLETE
169,22.562334544111312,2026-01-26 18:21:07.219742,2026-01-26 18:21:07.695111,0 days 00:00:00.475369,16,25,34,68,154,22,0.08003828554782358,4.096898316950985,False,75,20,0.9884037709496366,1.0670847640841623,53.01204819277109,10.424305919329493,17.44368779465689,24.324324324324326,18.45102505694761,COMPLETE
170,0.0,2026-01-26 18:21:07.764049,2026-01-26 18:21:08.919309,0 days 00:00:01.155260,16,25,33,68,155,22,0.08013007728340664,4.083661898546445,True,76,19,0.987012603856017,1.0789867882129844,,,,,,COMPLETE
171,22.7892733894398,2026-01-26 18:21:08.994398,2026-01-26 18:21:09.557893,0 days 00:00:00.563495,16,26,34,68,150,21,0.08053834724887199,4.092599203913702,False,75,20,0.9826072898710735,1.0708647606351136,52.82722513089006,10.314136125654452,17.486910994764397,24.550898203592812,18.678815489749432,COMPLETE
172,22.385399390264887,2026-01-26 18:21:09.700990,2026-01-26 18:21:10.172784,0 days 00:00:00.471794,16,25,34,68,150,21,0.08362274537201976,4.11066635763086,False,75,20,0.9904259374371618,1.07222386884694,52.82722513089006,10.314136125654452,17.329842931937172,24.169184290030213,18.223234624145785,COMPLETE
173,22.286817866693074,2026-01-26 18:21:10.233669,2026-01-26 18:21:10.761207,0 days 00:00:00.527538,16,27,34,68,153,22,0.0811864387496317,4.226302392059161,False,75,20,0.9972455917047394,1.0663510460978274,53.11681508643269,10.424305919329493,16.867469879518072,24.22360248447205,17.76765375854214,COMPLETE
174,22.963648443432042,2026-01-26 18:21:11.025000,2026-01-26 18:21:11.719758,0 days 00:00:00.694758,16,26,33,67,155,21,0.08748146980071965,4.142080027636434,False,76,20,0.9823634284458678,1.068496493532676,52.98429319371728,10.261780104712042,17.591623036649214,24.702380952380953,18.906605922551254,COMPLETE
175,22.5113554212759,2026-01-26 18:21:11.793747,2026-01-26 18:21:12.433823,0 days 00:00:00.640076,16,26,33,67,152,21,0.0749736433661467,4.153018242953176,False,76,19,0.9838351446715532,1.0723689907105638,52.774869109947645,10.209424083769633,17.486910994764397,24.251497005988025,18.45102505694761,COMPLETE
176,22.710104943920797,2026-01-26 18:21:12.599558,2026-01-26 18:21:13.427746,0 days 00:00:00.828188,16,25,32,67,155,21,0.08610195054189472,4.30036022517314,False,76,20,0.9798923711874408,1.0674495012355782,52.774869109947645,10.261780104712042,17.853403141361255,24.34017595307918,18.906605922551254,COMPLETE
177,21.9555194849481,2026-01-26 18:21:13.507601,2026-01-26 18:21:14.061851,0 days 00:00:00.554250,16,24,32,67,150,21,0.0891678878841536,4.285564443026789,False,77,19,0.992340664355684,1.0751680983503389,52.67015706806283,10.157068062827225,17.486910994764397,23.652694610778443,17.995444191343964,COMPLETE
178,22.4859975881013,2026-01-26 18:21:14.125324,2026-01-26 18:21:14.788302,0 days 00:00:00.662978,16,25,30,67,155,22,0.08747086303798879,4.324857886620356,False,76,20,0.9801576506439069,1.0754066942009366,52.75013095861708,10.214772132006287,17.8103719224725,24.11764705882353,18.678815489749432,COMPLETE
179,22.46653449197109,2026-01-26 18:21:14.867634,2026-01-26 18:21:15.468397,0 days 00:00:00.600763,16,25,31,67,154,21,0.08579341774997695,4.637823256384428,False,76,18,0.9999259943226816,1.068434490225357,53.089005235602095,10.261780104712042,16.963350785340314,24.382716049382715,17.995444191343964,COMPLETE
180,22.76935007027577,2026-01-26 18:21:15.548015,2026-01-26 18:21:16.147628,0 days 00:00:00.599613,17,25,32,67,157,21,0.08471906934987596,4.381212950284827,False,77,20,0.9836357151168978,1.0804993453512435,53.03664921465968,9.947643979057592,17.225130890052355,24.620060790273556,18.45102505694761,COMPLETE
181,22.945034375021507,2026-01-26 18:21:16.218274,2026-01-26 18:21:16.869039,0 days 00:00:00.650765,17,25,32,67,157,21,0.08380038340490427,4.416473098263298,False,77,20,0.981889945779823,1.0795409117846866,52.98429319371728,10.052356020942408,17.329842931937172,24.773413897280967,18.678815489749432,COMPLETE
182,22.963648443432042,2026-01-26 18:21:16.963863,2026-01-26 18:21:17.477150,0 days 00:00:00.513287,17,24,31,67,158,21,0.08463503001786771,4.438816546516678,False,77,20,0.9801543275997989,1.0780162451335165,52.879581151832454,10.052356020942408,17.591623036649214,24.702380952380953,18.906605922551254,COMPLETE
183,22.309948242112668,2026-01-26 18:21:17.542156,2026-01-26 18:21:18.070985,0 days 00:00:00.528829,17,24,31,67,158,21,0.08395187959883829,4.490397374924634,False,77,20,0.9920602590132064,1.078948485347678,52.931937172774866,10.052356020942408,17.12041884816754,24.159021406727827,17.995444191343964,COMPLETE
184,22.99758404086422,2026-01-26 18:21:18.119415,2026-01-26 18:21:18.587826,0 days 00:00:00.468411,17,25,32,67,157,21,0.0873020580411757,4.499085859451111,False,77,20,0.9811874045576546,1.0865288662977362,53.03664921465968,9.842931937172775,17.277486910994764,24.848484848484848,18.678815489749432,COMPLETE
185,22.73797300513378,2026-01-26 18:21:18.647149,2026-01-26 18:21:19.112463,0 days 00:00:00.465314,17,24,32,67,157,21,0.0928943177019983,4.416337307357391,False,78,19,0.9798456920918099,1.0861620642290244,52.82722513089006,9.842931937172775,17.539267015706805,24.47761194029851,18.678815489749432,COMPLETE
186,22.73797300513378,2026-01-26 18:21:19.179004,2026-01-26 18:21:19.729564,0 days 00:00:00.550560,17,24,32,66,157,21,0.09300100859364425,4.417532776692593,False,78,19,0.9799852836275913,1.0850643324390006,52.879581151832454,9.895287958115183,17.539267015706805,24.47761194029851,18.678815489749432,COMPLETE
187,22.105581897886573,2026-01-26 18:21:19.783247,2026-01-26 18:21:20.274710,0 days 00:00:00.491463,17,24,32,66,157,21,0.09430978855985438,4.434869684590971,False,78,19,0.9773487586840139,1.0927247683722867,52.82722513089006,9.528795811518325,17.329842931937172,23.867069486404834,17.995444191343964,COMPLETE
188,22.535798039255212,2026-01-26 18:21:20.352052,2026-01-26 18:21:20.900504,0 days 00:00:00.548452,17,24,32,66,156,21,0.0915640990917468,4.510395218256411,False,78,18,0.9714589360921425,1.0834615041760225,52.617801047120416,10.0,17.748691099476442,24.188790560471976,18.678815489749432,COMPLETE
189,22.33444026676181,2026-01-26 18:21:20.952970,2026-01-26 18:21:21.605724,0 days 00:00:00.652754,17,24,31,67,158,21,0.09653497321130483,4.378219511752876,False,78,19,0.9806923010396386,1.0883206407952732,52.72251308900524,9.790575916230367,17.382198952879584,24.096385542168676,18.223234624145785,COMPLETE
190,22.130296127562637,2026-01-26 18:21:21.699630,2026-01-26 18:21:22.326806,0 days 00:00:00.627176,17,23,32,67,156,21,0.0892822613782999,4.41402025310207,False,79,20,0.996716789103262,1.0864235973294794,52.82722513089006,9.895287958115183,17.015706806282722,24.0,17.76765375854214,COMPLETE
191,22.82189288293794,2026-01-26 18:21:22.440318,2026-01-26 18:21:24.109958,0 days 00:00:01.669640,17,25,31,66,159,21,0.08737491143994834,4.541689563827567,False,77,19,0.9845640534237566,1.0811164501983648,53.141361256544506,9.947643979057592,17.172774869109947,24.695121951219512,18.45102505694761,COMPLETE
192,22.644884497673182,2026-01-26 18:21:24.172618,2026-01-26 18:21:24.729726,0 days 00:00:00.557108,17,25,30,66,159,21,0.0877412729022184,4.605871136915762,False,77,19,0.9863249845253756,1.081800776652775,53.141361256544506,9.947643979057592,17.06806282722513,24.539877300613497,18.223234624145785,COMPLETE
193,22.644884497673182,2026-01-26 18:21:24.777365,2026-01-26 18:21:25.311941,0 days 00:00:00.534576,17,25,30,66,159,21,0.08615719721982912,4.674179459172851,False,77,19,0.9872453890840969,1.083046919961098,53.141361256544506,9.947643979057592,17.06806282722513,24.539877300613497,18.223234624145785,COMPLETE
194,22.644884497673182,2026-01-26 18:21:25.376794,2026-01-26 18:21:25.914721,0 days 00:00:00.537927,17,25,30,66,159,21,0.08744878065089924,4.772779408568585,False,77,19,0.9889269307920872,1.081386582076975,53.141361256544506,9.947643979057592,17.06806282722513,24.539877300613497,18.223234624145785,COMPLETE
195,22.52261209589458,2026-01-26 18:21:25.977615,2026-01-26 18:21:26.491318,0 days 00:00:00.513703,17,25,30,66,159,21,0.08745542494371825,4.777026654594321,False,77,19,1.007918001501609,1.080982243547651,53.50785340314136,9.947643979057592,16.073298429319372,24.7557003257329,17.312072892938495,COMPLETE
196,22.840881884162066,2026-01-26 18:21:26.570223,2026-01-26 18:21:27.203049,0 days 00:00:00.632826,17,25,30,65,158,21,0.08582181802759543,4.644313757548436,False,77,18,0.988543240362568,1.0867633426332368,52.98429319371728,9.842931937172775,17.43455497382199,24.624624624624623,18.678815489749432,COMPLETE
197,22.078762385231354,2026-01-26 18:21:27.278058,2026-01-26 18:21:27.795852,0 days 00:00:00.517794,17,24,31,65,156,21,0.0930728825255551,4.586329263643025,False,78,18,0.9952860961605328,1.0882862197657988,52.72251308900524,9.842931937172775,17.06806282722513,23.92638036809816,17.76765375854214,COMPLETE
198,22.309948242112668,2026-01-26 18:21:27.840782,2026-01-26 18:21:28.330037,0 days 00:00:00.489255,17,25,30,65,158,21,0.08527365023889666,4.518931916275918,False,77,18,0.9876012582039793,1.0961576534202242,53.141361256544506,9.476439790575917,17.12041884816754,24.159021406727827,17.995444191343964,COMPLETE
199,22.697739618012967,2026-01-26 18:21:28.393027,2026-01-26 18:21:28.954605,0 days 00:00:00.561578,17,24,31,65,155,21,0.09101470122264334,4.647392766862936,False,77,19,1.0012714635996514,1.0852043103005853,52.98429319371728,9.895287958115183,17.015706806282722,24.615384615384617,18.223234624145785,COMPLETE
200,22.286817866693074,2026-01-26 18:21:29.002166,2026-01-26 18:21:29.525355,0 days 00:00:00.523189,17,24,31,65,154,21,0.08948490258712882,4.437157744456172,False,77,19,1.0028971221555423,1.090592169008767,52.931937172774866,9.790575916230367,16.858638743455497,24.22360248447205,17.76765375854214,COMPLETE
201,22.861330889191407,2026-01-26 18:21:29.588201,2026-01-26 18:21:30.157911,0 days 00:00:00.569710,17,24,31,65,157,21,0.09067236402776685,4.5797230466437995,False,77,19,0.984689120529761,1.0860989579921516,52.82722513089006,9.842931937172775,17.69633507853403,24.556213017751478,18.906605922551254,COMPLETE
202,22.883176049463064,2026-01-26 18:21:30.244988,2026-01-26 18:21:30.826948,0 days 00:00:00.581960,17,24,31,65,156,21,0.09033345677559185,4.628224887559524,False,78,19,0.9795059572807191,1.0844283065816027,52.67015706806283,10.0,17.958115183246072,24.489795918367346,19.134396355353076,COMPLETE
203,22.26097123389844,2026-01-26 18:21:30.906291,2026-01-26 18:21:31.572103,0 days 00:00:00.665812,17,23,31,65,155,21,0.09141572373835807,4.67940481060678,False,78,19,0.9791654911845038,1.0995529890386273,52.879581151832454,9.3717277486911,17.748691099476442,23.893805309734514,18.45102505694761,COMPLETE
204,22.685563863378253,2026-01-26 18:21:31.638100,2026-01-26 18:21:32.185971,0 days 00:00:00.547871,17,24,31,65,156,21,0.09344771639073801,4.5457217920258834,False,78,19,0.9734081573132624,1.086229310301385,52.40837696335079,9.895287958115183,18.167539267015705,24.207492795389047,19.134396355353076,COMPLETE
205,21.8977614668579,2026-01-26 18:21:32.258966,2026-01-26 18:21:32.822612,0 days 00:00:00.563646,17,24,31,65,198,21,0.09116045284753636,4.477420811123457,False,78,18,0.9941486183485734,1.0938601168850992,53.193717277486904,9.319371727748692,16.963350785340314,23.765432098765434,17.539863325740317,COMPLETE
206,22.93330136274627,2026-01-26 18:21:32.873012,2026-01-26 18:21:33.495849,0 days 00:00:00.622837,17,24,32,65,153,21,0.08448685812563277,4.628529398739716,False,77,19,0.9804104064453218,1.0863591067243998,52.67015706806283,9.895287958115183,17.905759162303664,24.561403508771928,19.134396355353076,COMPLETE
207,23.034436553664744,2026-01-26 18:21:33.647254,2026-01-26 18:21:34.251260,0 days 00:00:00.604006,18,24,32,65,157,21,0.08576347047143963,4.736099887225395,False,79,19,0.9805511819075038,1.0903131181497407,52.67015706806283,9.790575916230367,17.801047120418847,24.705882352941178,19.134396355353076,COMPLETE
208,0.0,2026-01-26 18:21:34.336934,2026-01-26 18:21:34.860987,0 days 00:00:00.524053,17,23,32,65,157,21,0.0842637456750801,4.721463348958601,True,79,19,0.9761579635710277,1.0897932660933005,,,,,,COMPLETE
209,23.206316855159915,2026-01-26 18:21:34.920871,2026-01-26 18:21:35.472272,0 days 00:00:00.551401,18,24,32,65,153,22,0.08237962559696607,4.853354363075843,False,79,19,0.982697437228454,1.0785437137923835,52.697747511786275,10.319539025667888,17.915138816134103,24.853801169590643,19.362186788154897,COMPLETE
210,23.15559481195667,2026-01-26 18:21:35.538250,2026-01-26 18:21:36.115730,0 days 00:00:00.577480,18,23,32,65,206,22,0.08244937684338889,4.880153848059348,False,80,18,0.9832616392497008,1.0778104879240475,52.75013095861708,10.110005238344682,17.967522262964902,24.78134110787172,19.362186788154897,COMPLETE
211,22.93330136274627,2026-01-26 18:21:36.194365,2026-01-26 18:21:36.740603,0 days 00:00:00.546238,18,23,32,65,205,22,0.08235205787488349,4.824333113353725,False,79,18,0.9830278828504931,1.0851689056823057,52.697747511786275,9.900471451021478,17.915138816134103,24.561403508771928,19.134396355353076,COMPLETE
212,23.10516766435344,2026-01-26 18:21:36.799344,2026-01-26 18:21:37.368841,0 days 00:00:00.569497,18,22,32,65,207,22,0.08340125561333026,4.879413792244522,False,80,18,0.9846224783651224,1.0788501445929533,52.697747511786275,10.110005238344682,18.019905709795704,24.709302325581394,19.362186788154897,COMPLETE
213,22.983720666136712,2026-01-26 18:21:37.453877,2026-01-26 18:21:38.405178,0 days 00:00:00.951301,18,22,32,65,200,22,0.08257654328377996,4.871876778119056,False,80,18,0.9860369400094215,1.0787904955484338,52.75013095861708,10.110005238344682,17.8627553693033,24.633431085043988,19.134396355353076,COMPLETE
