number,value,datetime_start,datetime_complete,duration,params_adx_period,params_adx_strength_threshold,params_bear_threshold,params_bull_threshold,params_ema_period,params_ma_period,params_ma_slope_threshold,params_price_proximity_max,params_require_fresh_momentum,params_rsi_exhaustion_threshold,params_rsi_period,params_vol_momentum,params_vol_standard,user_attrs_train_accuracy,user_attrs_train_bear_calls_pct,user_attrs_train_bull_calls_pct,user_attrs_train_bull_precision,user_attrs_train_bull_recall,state
214,22.810624844611986,2026-01-26 18:21:38.582962,2026-01-26 18:21:39.095984,0 days 00:00:00.513022,18,22,32,65,207,22,0.08307890870897935,4.957086736790617,False,80,18,0.9916685094198697,1.07780683788956,52.75013095861708,10.110005238344682,17.7579884756417,24.48377581120944,18.906605922551254,COMPLETE
215,22.883176049463064,2026-01-26 18:21:39.158233,2026-01-26 18:21:39.628987,0 days 00:00:00.470754,18,22,31,65,207,22,0.08236891333783286,4.895647357935784,False,80,18,0.9904577150502049,1.0762428035463825,52.697747511786275,10.110005238344682,17.967522262964902,24.489795918367346,19.134396355353076,COMPLETE
216,22.810624844611986,2026-01-26 18:21:39.712997,2026-01-26 18:21:40.321815,0 days 00:00:00.608818,18,22,32,65,207,22,0.08207561670195226,4.903723815760991,False,80,18,0.9922505728625981,1.0775032853795592,52.75013095861708,10.110005238344682,17.7579884756417,24.48377581120944,18.906605922551254,COMPLETE
217,22.810624844611986,2026-01-26 18:21:40.401861,2026-01-26 18:21:41.250016,0 days 00:00:00.848155,18,22,32,65,207,22,0.08276942885501108,4.90769693691151,False,80,18,0.992240635005713,1.077579810872621,52.75013095861708,10.110005238344682,17.7579884756417,24.48377581120944,18.906605922551254,COMPLETE
218,22.665216882643193,2026-01-26 18:21:41.333732,2026-01-26 18:21:41.993590,0 days 00:00:00.659858,18,22,31,65,203,22,0.08294784346005496,4.885444899939345,False,80,18,0.996352374605872,1.079686199399799,52.85489785227868,10.110005238344682,17.338920900995287,24.47129909365559,18.45102505694761,COMPLETE
219,22.983720666136712,2026-01-26 18:21:42.053894,2026-01-26 18:21:42.600689,0 days 00:00:00.546795,18,22,32,65,214,22,0.08144353777925761,4.824727222092091,False,80,18,0.9893247360738983,1.0773044353879917,52.75013095861708,10.110005238344682,17.8627553693033,24.633431085043988,19.134396355353076,COMPLETE
220,22.4859975881013,2026-01-26 18:21:42.668127,2026-01-26 18:21:43.171785,0 days 00:00:00.503658,18,21,31,65,216,22,0.08459193979664333,4.762421212984531,False,79,18,0.9883480722380515,1.090042013530183,52.645364064955466,9.795704557359874,17.8103719224725,24.11764705882353,18.678815489749432,COMPLETE
221,22.710104943920797,2026-01-26 18:21:43.234263,2026-01-26 18:21:43.783301,0 days 00:00:00.549038,18,22,32,65,209,22,0.08219842386807164,4.833842852209642,False,80,18,0.9917291010406917,1.0764776455657423,52.697747511786275,10.110005238344682,17.8627553693033,24.34017595307918,18.906605922551254,COMPLETE
222,22.983720666136712,2026-01-26 18:21:43.858850,2026-01-26 18:21:44.361017,0 days 00:00:00.502167,18,22,32,65,204,22,0.08182244152002148,4.99223581866421,False,80,18,0.9873246934656478,1.0785255271491712,52.75013095861708,10.110005238344682,17.8627553693033,24.633431085043988,19.134396355353076,COMPLETE
223,22.760217070883023,2026-01-26 18:21:44.432734,2026-01-26 18:21:44.916226,0 days 00:00:00.483492,18,22,32,65,213,22,0.08669501731779151,4.8696689147753265,False,80,18,0.9860648385280146,1.0818193395342397,52.75013095861708,10.00523834468308,17.8103719224725,24.41176470588235,18.906605922551254,COMPLETE
224,22.760217070883023,2026-01-26 18:21:44.982663,2026-01-26 18:21:45.491729,0 days 00:00:00.509066,18,22,31,65,205,22,0.08383857708632947,4.971448940629042,False,79,18,0.9859834090981833,1.082910604919515,52.75013095861708,10.00523834468308,17.8103719224725,24.41176470588235,18.906605922551254,COMPLETE
225,23.050453157563126,2026-01-26 18:21:45.571823,2026-01-26 18:21:46.108052,0 days 00:00:00.536229,18,23,32,65,200,22,0.08138269906584897,4.993965301947113,False,80,18,0.999505740651479,1.0783865037091032,53.064431639601885,10.110005238344682,17.234154007333682,24.924012158054712,18.678815489749432,COMPLETE
226,22.18214797941449,2026-01-26 18:21:46.178276,2026-01-26 18:21:46.733021,0 days 00:00:00.554745,19,23,31,65,200,22,0.08869288492799077,4.832919409689476,False,79,18,1.0001095309559729,1.0876032299021399,52.95966474594028,9.900471451021478,16.972236773179674,24.074074074074073,17.76765375854214,COMPLETE
227,21.178337864648395,2026-01-26 18:21:46.786743,2026-01-26 18:21:47.329469,0 days 00:00:00.542726,18,23,32,65,202,22,0.08130645778366744,4.7366411597768945,False,80,17,1.0125804662583433,1.0790236241764655,52.90728129910948,10.057621791513881,16.238868517548454,23.225806451612904,16.40091116173121,COMPLETE
228,22.686977980258163,2026-01-26 18:21:47.390121,2026-01-26 18:21:47.960497,0 days 00:00:00.570376,19,21,32,65,204,22,0.08498085039595896,4.842880638575885,False,80,18,0.997014388567124,1.0735867274445876,52.90728129910948,10.267155578837087,17.600838135149292,24.404761904761905,18.678815489749432,COMPLETE
229,22.983720666136712,2026-01-26 18:21:48.058239,2026-01-26 18:21:48.593948,0 days 00:00:00.535709,18,23,31,65,211,22,0.08121826264446652,4.941235403562258,False,79,18,0.983583147048394,1.084927239586428,52.80251440544787,9.952854897852278,17.8627553693033,24.633431085043988,19.134396355353076,COMPLETE
230,22.67988325740319,2026-01-26 18:21:48.642563,2026-01-26 18:21:49.173515,0 days 00:00:00.530952,18,23,31,65,214,22,0.07963325576050281,4.925911501045345,False,79,18,1.0054564309958192,1.0841855393773827,53.16919853326348,10.00523834468308,16.76270298585647,24.6875,17.995444191343964,COMPLETE
231,22.73797300513378,2026-01-26 18:21:49.240419,2026-01-26 18:21:49.992864,0 days 00:00:00.752445,18,23,31,65,211,22,0.08151872582210049,4.98315858067695,False,79,18,0.984893285750507,1.0934980925080473,53.01204819277109,9.533787323205868,17.54845468831849,24.47761194029851,18.678815489749432,COMPLETE
232,23.246466659763925,2026-01-26 18:21:50.042411,2026-01-26 18:21:50.590258,0 days 00:00:00.547847,18,22,32,65,208,22,0.08594070895322459,4.7989595401699745,False,80,18,0.9795018784565741,1.0751632018840929,52.54059717129387,10.110005238344682,18.438973284442117,24.71590909090909,19.81776765375854,COMPLETE
233,22.783797167475488,2026-01-26 18:21:50.737257,2026-01-26 18:21:51.584574,0 days 00:00:00.847317,18,22,32,65,205,22,0.08580694162102903,4.847202238578812,False,80,18,0.9829213785108545,1.0803764737323447,52.54059717129387,10.057621791513881,18.072289156626507,24.347826086956523,19.134396355353076,COMPLETE
234,23.10025987359235,2026-01-26 18:21:51.642955,2026-01-26 18:21:52.135548,0 days 00:00:00.492593,18,21,33,65,210,22,0.08338340570683535,4.791018810476829,False,80,18,0.9747868863422371,1.0749048493323998,52.43583027763227,10.162388685175484,18.59612362493452,24.507042253521128,19.81776765375854,COMPLETE
235,22.78710552583758,2026-01-26 18:21:52.188214,2026-01-26 18:21:52.740058,0 days 00:00:00.551844,18,21,33,65,209,22,0.08333717212072364,4.799680121088898,False,80,18,0.9732642453703508,1.07577971042031,52.27867993713986,10.110005238344682,18.648507071765323,24.15730337078652,19.58997722095672,COMPLETE
236,23.027990317284164,2026-01-26 18:21:52.799919,2026-01-26 18:21:53.693996,0 days 00:00:00.894077,18,23,33,65,211,22,0.08110172187826137,4.72823631067941,False,80,17,0.9766917734760674,1.07495527611652,52.48821372446307,10.057621791513881,18.386589837611314,24.501424501424502,19.58997722095672,COMPLETE
237,22.93330136274627,2026-01-26 18:21:53.783280,2026-01-26 18:21:54.257172,0 days 00:00:00.473892,18,23,33,65,212,22,0.08071065362915054,4.718151303827675,False,80,17,0.9886406251814441,1.0747415957926636,52.75013095861708,10.110005238344682,17.915138816134103,24.561403508771928,19.134396355353076,COMPLETE
238,23.027990317284164,2026-01-26 18:21:54.311892,2026-01-26 18:21:54.779127,0 days 00:00:00.467235,18,23,33,65,211,22,0.07970869882566325,4.754021470815917,False,80,17,0.9764044596221915,1.0758821947927026,52.48821372446307,10.057621791513881,18.386589837611314,24.501424501424502,19.58997722095672,COMPLETE
239,22.930817528893247,2026-01-26 18:21:54.866605,2026-01-26 18:21:55.808022,0 days 00:00:00.941417,18,23,33,65,211,22,0.08159120299335353,4.730636643621582,False,80,17,0.9734121190463405,1.074124038045873,52.43583027763227,10.162388685175484,18.49135673127292,24.362606232294617,19.58997722095672,COMPLETE
240,22.83473964516025,2026-01-26 18:21:55.871022,2026-01-26 18:21:56.362972,0 days 00:00:00.491950,18,23,33,65,211,22,0.082102052575034,4.711199523412623,False,80,17,0.9711799491975236,1.0750113936560042,52.331063383970665,10.057621791513881,18.59612362493452,24.225352112676056,19.58997722095672,COMPLETE
241,23.027990317284164,2026-01-26 18:21:56.434803,2026-01-26 18:21:56.955316,0 days 00:00:00.520513,18,23,33,65,211,22,0.08028279699917035,4.796687604853309,False,80,17,0.9769778854407295,1.0737846730602065,52.54059717129387,10.162388685175484,18.386589837611314,24.501424501424502,19.58997722095672,COMPLETE
242,23.027990317284164,2026-01-26 18:21:57.036192,2026-01-26 18:21:57.551919,0 days 00:00:00.515727,18,23,33,65,212,22,0.07938372635722542,4.7814436955238575,False,80,17,0.9761188037088139,1.0744258720744824,52.54059717129387,10.162388685175484,18.386589837611314,24.501424501424502,19.58997722095672,COMPLETE
243,23.027990317284164,2026-01-26 18:21:57.623498,2026-01-26 18:21:58.150045,0 days 00:00:00.526547,18,23,33,65,211,22,0.07907482940073442,4.786690358936663,False,80,17,0.9750111854058024,1.0741319171115178,52.54059717129387,10.162388685175484,18.386589837611314,24.501424501424502,19.58997722095672,COMPLETE
244,22.739738264326228,2026-01-26 18:21:58.213586,2026-01-26 18:21:58.717552,0 days 00:00:00.503966,18,23,33,65,212,22,0.07961153580772362,4.789977133782837,False,80,17,0.9691082182364733,1.0733090060391512,52.27867993713986,10.162388685175484,18.700890518596125,24.089635854341736,19.58997722095672,COMPLETE
245,23.027990317284164,2026-01-26 18:21:58.774195,2026-01-26 18:21:59.247234,0 days 00:00:00.473039,18,23,33,65,215,22,0.0784126078628575,4.737496308144407,False,80,17,0.9760742030181735,1.074369364229845,52.54059717129387,10.162388685175484,18.386589837611314,24.501424501424502,19.58997722095672,COMPLETE
246,22.97926589355974,2026-01-26 18:21:59.309651,2026-01-26 18:21:59.771093,0 days 00:00:00.461442,18,23,33,65,215,22,0.07839511845151693,4.740684161821833,False,80,17,0.9738861741753976,1.074735074411068,52.43583027763227,10.110005238344682,18.438973284442117,24.431818181818183,19.58997722095672,COMPLETE
247,22.88264288380114,2026-01-26 18:21:59.829733,2026-01-26 18:22:00.327614,0 days 00:00:00.497881,18,23,33,65,216,22,0.07866143412789542,4.805472919647019,False,80,17,0.9699902922244441,1.07812443875612,52.331063383970665,10.057621791513881,18.543740178103718,24.293785310734464,19.58997722095672,COMPLETE
248,22.5125614869103,2026-01-26 18:22:00.398824,2026-01-26 18:22:00.872435,0 days 00:00:00.473611,19,23,33,66,219,22,0.0776358211768013,4.745151669510965,False,79,17,0.9743714796178082,1.0735528568557082,52.59298061812467,10.214772132006287,18.072289156626507,24.057971014492754,18.906605922551254,COMPLETE
249,23.126276833908793,2026-01-26 18:22:00.933319,2026-01-26 18:22:01.406622,0 days 00:00:00.473303,18,23,33,65,214,22,0.07991923377878941,4.866842633597279,False,80,17,0.9783138360335031,1.078690733825966,52.54059717129387,10.057621791513881,18.281822943949713,24.641833810888254,19.58997722095672,COMPLETE
250,0.0,2026-01-26 18:22:01.468958,2026-01-26 18:22:01.912111,0 days 00:00:00.443153,18,23,33,65,214,22,0.08387175856435111,4.941502328842394,True,80,17,0.9769246906341327,1.0796642793386577,,,,,,COMPLETE
251,22.86199696279423,2026-01-26 18:22:01.993324,2026-01-26 18:22:02.577882,0 days 00:00:00.584558,18,22,32,65,209,22,0.07929984517013128,4.885061921719292,False,79,17,0.9666972109862351,1.077759884773757,52.12152959664746,10.057621791513881,18.85804085908853,24.166666666666668,19.81776765375854,COMPLETE
252,22.955630099847042,2026-01-26 18:22:02.634728,2026-01-26 18:22:03.207196,0 days 00:00:00.572468,18,23,33,65,217,22,0.07837146251686805,4.829945746106063,False,80,17,0.9760561847765439,1.081117752712984,52.59298061812467,9.952854897852278,18.17705605028811,24.495677233429394,19.362186788154897,COMPLETE
253,22.61075728696946,2026-01-26 18:22:03.292038,2026-01-26 18:22:03.840654,0 days 00:00:00.548616,18,23,33,66,221,22,0.07768543905306771,4.868498254174795,False,80,17,0.9758252361614356,1.0805564238033445,52.54059717129387,9.952854897852278,17.967522262964902,24.198250728862973,18.906605922551254,COMPLETE
254,22.930817528893247,2026-01-26 18:22:03.900641,2026-01-26 18:22:04.490930,0 days 00:00:00.590289,19,22,33,65,217,22,0.07988706537060847,4.9774103646495,False,80,17,0.9774263247689543,1.0724037220468636,52.54059717129387,10.214772132006287,18.49135673127292,24.362606232294617,19.58997722095672,COMPLETE
255,22.83473964516025,2026-01-26 18:22:04.564135,2026-01-26 18:22:05.079354,0 days 00:00:00.515219,18,23,33,65,215,22,0.07806538261175354,4.811739825835647,False,80,16,0.9708242797975262,1.075843576063224,52.331063383970665,10.057621791513881,18.59612362493452,24.225352112676056,19.58997722095672,COMPLETE
256,22.660285870332622,2026-01-26 18:22:05.184989,2026-01-26 18:22:05.765007,0 days 00:00:00.580018,18,23,33,66,219,22,0.08484201577645702,4.998644139185795,False,80,17,0.9783496599469896,1.0816784981874166,52.59298061812467,9.952854897852278,17.915138816134103,24.269005847953213,18.906605922551254,COMPLETE
257,22.722189800259795,2026-01-26 18:22:05.808449,2026-01-26 18:22:06.380811,0 days 00:00:00.572362,19,22,32,65,210,22,0.08051163352913113,4.755803214972099,False,80,17,0.96638149084317,1.072096560652043,52.17391304347826,10.214772132006287,19.015191199580933,23.96694214876033,19.81776765375854,COMPLETE
258,23.027990317284164,2026-01-26 18:22:06.431942,2026-01-26 18:22:06.988504,0 days 00:00:00.556562,18,23,33,65,213,22,0.08354219855522578,4.900322341319685,False,80,16,0.9728644427475361,1.0782813387811787,52.43583027763227,10.057621791513881,18.386589837611314,24.501424501424502,19.58997722095672,COMPLETE
259,23.004153825539323,2026-01-26 18:22:07.041877,2026-01-26 18:22:07.662227,0 days 00:00:00.620350,18,23,33,65,213,22,0.07889496531916865,4.902991462907337,False,80,16,0.9672292784433143,1.078052439215684,52.27867993713986,10.057621791513881,18.700890518596125,24.369747899159663,19.81776765375854,COMPLETE
260,22.78441742444136,2026-01-26 18:22:07.766758,2026-01-26 18:22:08.447620,0 days 00:00:00.680862,18,23,33,65,213,22,0.07580368874182655,4.924758017507349,False,80,16,0.9629689721523741,1.0766389840642374,51.85961236249346,10.057621791513881,19.53902566788895,23.86058981233244,20.273348519362187,COMPLETE
261,22.739738264326228,2026-01-26 18:22:08.518263,2026-01-26 18:22:09.082811,0 days 00:00:00.564548,18,23,33,65,221,22,0.07892160338220491,4.8678853521805,False,80,16,0.9686325926954841,1.0731515553189355,52.27867993713986,10.162388685175484,18.700890518596125,24.089635854341736,19.58997722095672,COMPLETE
262,22.857366638165665,2026-01-26 18:22:09.134975,2026-01-26 18:22:09.711346,0 days 00:00:00.576371,18,23,33,66,214,23,0.08096798528536829,4.923371280050063,False,80,17,0.9702827989024745,1.0778954919022743,52.46331236897275,9.80083857442348,18.29140461215933,24.355300859598856,19.362186788154897,COMPLETE
263,20.000990393186093,2026-01-26 18:22:09.791312,2026-01-26 18:22:10.282570,0 days 00:00:00.491258,18,21,33,65,209,22,0.07685293419350356,4.7801441002817695,False,79,17,0.9598304555952017,1.222599683608411,54.21686746987952,6.024096385542169,16.867469879518072,21.73913043478261,15.945330296127564,COMPLETE
264,23.22037133658263,2026-01-26 18:22:10.357883,2026-01-26 18:22:10.923335,0 days 00:00:00.565452,18,20,33,65,217,22,0.07852678201920248,4.83032581223587,False,80,16,0.9747668191647825,1.0710341197449755,52.48821372446307,10.162388685175484,18.753273965426924,24.581005586592177,20.045558086560362,COMPLETE
265,23.29575764655491,2026-01-26 18:22:10.968814,2026-01-26 18:22:11.549657,0 days 00:00:00.580843,18,22,33,66,212,22,0.08090380663509614,4.869527410544064,False,80,16,0.9734482666141862,1.0707093215081898,52.59298061812467,10.162388685175484,18.386589837611314,24.786324786324787,19.81776765375854,COMPLETE
266,22.844268518864283,2026-01-26 18:22:11.648674,2026-01-26 18:22:12.217096,0 days 00:00:00.568422,18,19,33,66,194,22,0.08065996906738873,4.876671211461158,False,80,16,0.9654211613447673,1.0709383965199328,52.06914614981666,10.214772132006287,19.172341540073337,24.043715846994534,20.045558086560362,COMPLETE
267,23.124778537079216,2026-01-26 18:22:12.322013,2026-01-26 18:22:12.833627,0 days 00:00:00.511614,18,20,33,65,212,22,0.07940879890447408,4.999460611999966,False,80,16,0.9729391679531219,1.0715051368462976,52.383446830801475,10.162388685175484,18.85804085908853,24.444444444444443,20.045558086560362,COMPLETE
268,22.86199696279423,2026-01-26 18:22:12.900087,2026-01-26 18:22:13.422466,0 days 00:00:00.522379,18,20,33,65,213,22,0.07918808924790986,4.930479781978345,False,80,16,0.9717217046118514,1.0718949842590333,52.331063383970665,10.162388685175484,18.85804085908853,24.166666666666668,19.81776765375854,COMPLETE
269,17.223932876226232,2026-01-26 18:22:13.474691,2026-01-26 18:22:14.044285,0 days 00:00:00.569594,19,20,32,65,210,23,0.07688126722923619,4.99634701354839,True,80,16,0.9554352784529638,1.0740082292916249,55.39832285115304,5.188679245283019,10.429769392033544,20.603015075376884,9.339407744874716,COMPLETE
270,21.02219291585075,2026-01-26 18:22:14.109233,2026-01-26 18:22:14.678200,0 days 00:00:00.568967,18,21,33,65,208,22,0.08272730491601872,4.803952779329772,False,79,16,0.9640281500453423,1.140066026519201,53.431115767417495,7.805133577789418,17.915138816134103,22.514619883040936,17.539863325740317,COMPLETE
271,20.98631192837333,2026-01-26 18:22:14.755891,2026-01-26 18:22:15.324496,0 days 00:00:00.568605,18,18,32,65,215,22,0.07471065700443244,4.884955004594824,False,80,16,0.9744837571227064,1.1510360623461076,53.640649554740705,7.490832896804609,17.338920900995287,22.658610271903324,17.084282460136674,COMPLETE
272,22.722189800259795,2026-01-26 18:22:15.386560,2026-01-26 18:22:15.966064,0 days 00:00:00.579504,18,20,33,65,211,22,0.08134401251780021,4.686940980199575,False,80,15,0.9689177514911654,1.0718551271138124,52.22629649030907,10.057621791513881,19.015191199580933,23.96694214876033,19.81776765375854,COMPLETE
273,22.41549762690947,2026-01-26 18:22:16.027328,2026-01-26 18:22:16.634505,0 days 00:00:00.607177,19,22,34,66,212,22,0.07947761720095907,4.933688124578601,False,79,17,0.9736974060658533,1.0763388279583335,52.43583027763227,10.110005238344682,18.17705605028811,23.919308357348704,18.906605922551254,COMPLETE
274,20.055408483654496,2026-01-26 18:22:16.687758,2026-01-26 18:22:17.305946,0 days 00:00:00.618188,18,22,32,65,197,22,0.08184332972497305,4.849626596259383,False,80,15,0.9610119047600113,1.1797625962622311,53.5882661079099,6.862231534834992,17.44368779465689,21.62162162162162,16.40091116173121,COMPLETE
275,22.857366638165665,2026-01-26 18:22:17.351650,2026-01-26 18:22:17.873850,0 days 00:00:00.522200,18,22,33,65,215,22,0.07758745191819014,4.775520260152579,False,80,16,0.9769733965842189,1.0832299988571896,52.48821372446307,9.952854897852278,18.281822943949713,24.355300859598856,19.362186788154897,COMPLETE
276,22.64579539469927,2026-01-26 18:22:17.928274,2026-01-26 18:22:18.463904,0 days 00:00:00.535630,18,20,32,66,206,22,0.08020985472672934,4.946620805139086,False,80,17,0.9680073209339055,1.0704972348185127,52.27867993713986,10.214772132006287,18.805657412257727,23.955431754874652,19.58997722095672,COMPLETE
277,22.88264288380114,2026-01-26 18:22:18.562778,2026-01-26 18:22:19.148625,0 days 00:00:00.585847,18,22,34,65,218,23,0.08314996085889742,4.855223233285933,False,79,17,0.9744895070011921,1.0761035960315601,52.358490566037744,9.80083857442348,18.553459119496853,24.293785310734464,19.58997722095672,COMPLETE
278,17.91362096125296,2026-01-26 18:22:19.211070,2026-01-26 18:22:19.817641,0 days 00:00:00.606571,19,23,33,78,212,22,0.07603472408833814,4.7059105408171975,False,80,16,0.9796808150190263,1.0804389663975569,54.47878470403352,10.057621791513881,10.529072812991094,21.393034825870647,9.79498861047836,COMPLETE
279,22.983720666136712,2026-01-26 18:22:19.912740,2026-01-26 18:22:20.438678,0 days 00:00:00.525938,18,23,32,65,200,22,0.07864259775193354,4.783785052541094,False,80,17,0.9877978946404344,1.0741841089182451,52.85489785227868,10.162388685175484,17.8627553693033,24.633431085043988,19.134396355353076,COMPLETE
280,23.08545164996875,2026-01-26 18:22:20.498796,2026-01-26 18:22:20.994381,0 days 00:00:00.495585,18,22,32,66,200,22,0.08127709446937198,4.808517045125296,False,79,17,0.9893368631574082,1.0710645186523708,52.90728129910948,10.162388685175484,17.7579884756417,24.778761061946902,19.134396355353076,COMPLETE
281,23.119429224212823,2026-01-26 18:22:21.065671,2026-01-26 18:22:21.604454,0 days 00:00:00.538783,18,22,32,66,201,23,0.0819183348538484,4.907884221192759,False,79,18,0.9951069991206601,1.0707286905331495,53.09224318658281,9.958071278825996,17.452830188679243,24.924924924924923,18.906605922551254,COMPLETE
282,23.22485186739982,2026-01-26 18:22:21.673525,2026-01-26 18:22:22.303046,0 days 00:00:00.629521,18,22,32,66,202,23,0.0829762146122553,4.879781631482782,False,79,16,0.9959905520347165,1.070066834247027,53.19706498951782,9.958071278825996,17.348008385744233,25.075528700906347,18.906605922551254,COMPLETE
283,23.171981776765378,2026-01-26 18:22:22.399779,2026-01-26 18:22:22.965070,0 days 00:00:00.565291,18,21,32,66,197,23,0.08332181185785285,4.846244133139872,False,79,16,0.9962245553975762,1.07083512664122,53.09224318658281,10.0104821802935,17.40041928721174,25.0,18.906605922551254,COMPLETE
