number,value,datetime_start,datetime_complete,duration,params_adx_period,params_adx_strength_threshold,params_atr_multiplier,params_bear_threshold,params_bull_threshold,params_ema_period,params_ma_period,params_ma_slope_threshold,params_price_proximity_max,params_require_fresh_momentum,params_rsi_exhaustion_threshold,params_rsi_period,params_use_adx_acceleration,params_use_adx_strength,params_use_long_term_anchor,params_use_ma_slope,params_use_price_proximity,params_use_rsi_equilibrium,params_use_rsi_exhaustion,params_use_rsi_ignition,params_use_rsi_rising,params_use_volume_confirmation,params_vol_momentum,params_vol_standard,user_attrs_features_enabled,user_attrs_train_accuracy,user_attrs_train_bear_calls_pct,user_attrs_train_bull_calls_pct,user_attrs_train_bull_precision,user_attrs_train_bull_recall,state
136,37.77459115166121,2026-01-27 19:01:31.070886,2026-01-27 19:01:31.829104,0 days 00:00:00.758218,20,23,1.0,0,50,200,42,0.07,3.4000000000000004,False,68,12,True,True,True,True,True,True,True,False,False,False,1.3,1.0,7.0,36.47432503970355,12.334568554790895,48.96770778189518,33.08108108108108,48.72611464968153,COMPLETE
137,38.37843049992583,2026-01-27 19:01:31.869230,2026-01-27 19:01:32.619044,0 days 00:00:00.749814,20,24,1.0,5,50,200,38,0.07,3.8,False,67,12,True,True,True,True,True,True,True,False,False,False,1.25,1.0,7.0,36.66138404648706,12.466983623877443,50.871632329635496,33.12564901349948,50.63492063492063,COMPLETE
138,10.301005672130007,2026-01-27 19:01:32.660945,2026-01-27 19:01:33.414984,0 days 00:00:00.754039,20,24,2.75,5,50,200,38,0.07,3.8,False,67,14,True,True,True,True,True,True,True,False,False,True,1.25,0.95,8.0,71.36819862651875,7.3956682514527206,14.73851030110935,6.810035842293908,18.446601941747574,COMPLETE
139,37.82247861950306,2026-01-27 19:01:33.455142,2026-01-27 19:01:34.220494,0 days 00:00:00.765352,20,24,1.0,0,50,220,36,0.08,3.4000000000000004,False,67,12,True,True,True,True,True,True,True,False,False,False,1.25,1.0,7.0,36.46437994722955,12.084432717678101,49.656992084432716,32.94367693942614,49.2063492063492,COMPLETE
140,38.403045230631434,2026-01-27 19:01:34.263344,2026-01-27 19:01:35.019092,0 days 00:00:00.755748,20,23,1.0,0,50,180,38,0.09,3.8,False,68,12,True,True,True,True,True,True,True,False,False,False,1.3,1.0,7.0,36.714210248283145,13.153724247226625,50.55467511885895,33.22884012539185,50.476190476190474,COMPLETE
141,38.403045230631434,2026-01-27 19:01:35.061533,2026-01-27 19:01:35.812773,0 days 00:00:00.751240,20,23,1.0,0,50,180,38,0.09,3.8,False,68,12,True,True,True,True,True,True,True,False,False,False,1.3,1.0,7.0,36.714210248283145,13.153724247226625,50.55467511885895,33.22884012539185,50.476190476190474,COMPLETE
142,38.23420185684337,2026-01-27 19:01:35.855300,2026-01-27 19:01:36.608251,0 days 00:00:00.752951,20,24,1.0,0,50,180,38,0.09,3.8,False,68,12,True,True,True,True,True,True,True,False,False,False,1.3,1.0,7.0,36.608557844690964,13.153724247226625,50.396196513470684,33.123689727463315,50.15873015873016,COMPLETE
143,37.870964487489914,2026-01-27 19:01:36.652584,2026-01-27 19:01:37.409160,0 days 00:00:00.756576,20,23,1.0,5,50,180,36,0.1,3.6,False,67,12,True,True,True,True,True,True,True,False,False,False,1.3,1.0,7.0,36.46437994722955,13.139841688654352,49.815303430079155,32.94491525423729,49.36507936507937,COMPLETE
144,38.595759471671876,2026-01-27 19:01:37.450582,2026-01-27 19:01:38.229303,0 days 00:00:00.778721,20,23,1.0,0,50,160,38,0.09,3.8,False,68,12,True,True,True,True,True,True,True,False,False,False,1.3,1.0,7.0,36.9783412572636,13.734812466983623,50.660327522451134,33.36809176225234,50.79365079365079,COMPLETE
145,37.656579142560446,2026-01-27 19:01:38.269876,2026-01-27 19:01:39.064885,0 days 00:00:00.795009,20,23,1.0,0,50,160,34,0.09,3.8,False,67,12,True,True,True,True,True,True,True,False,False,False,1.3,1.0,7.0,36.162361623616235,13.547706905640485,50.76436478650501,32.50259605399792,49.682539682539684,COMPLETE
146,38.74082910826125,2026-01-27 19:01:39.113723,2026-01-27 19:01:39.885076,0 days 00:00:00.771353,20,23,1.0,5,50,160,38,0.07,3.6,False,69,12,True,True,True,True,True,True,True,False,False,False,1.3,1.0,7.0,36.925515055467514,13.681986265187533,50.60750132065505,33.50730688935282,50.95238095238095,COMPLETE
147,38.09005674808783,2026-01-27 19:01:39.930031,2026-01-27 19:01:40.691051,0 days 00:00:00.761020,20,23,1.0,5,50,160,36,0.09,3.8,False,69,18,True,True,True,True,True,True,True,False,False,False,1.3,1.0,7.0,36.35883905013193,15.145118733509236,50.92348284960422,32.84974093264248,50.317460317460316,COMPLETE
148,9.064864864864864,2026-01-27 19:01:40.731367,2026-01-27 19:01:41.487672,0 days 00:00:00.756305,20,23,2.5,0,50,160,38,0.1,3.6,True,67,12,True,True,True,True,True,True,True,False,False,False,1.3,1.0,7.0,63.54992076069731,6.022187004754358,21.130480718436345,6.0,16.216216216216218,COMPLETE
149,34.88095898333822,2026-01-27 19:01:41.528245,2026-01-27 19:01:42.292430,0 days 00:00:00.764185,20,23,1.25,5,50,140,40,0.07,3.6,False,68,12,True,True,True,True,True,True,True,False,False,False,1.3,0.95,7.0,37.07033315705976,14.278159703860391,50.18508725542041,28.240252897787144,50.37593984962406,COMPLETE
150,37.89885871704054,2026-01-27 19:01:42.332923,2026-01-27 19:01:43.127662,0 days 00:00:00.794739,20,23,1.0,0,50,180,36,0.08,3.8,False,69,12,True,True,True,True,True,True,True,False,False,False,1.3,1.0,7.0,36.147757255936675,13.139841688654352,51.081794195250666,32.64462809917356,50.15873015873016,COMPLETE
151,38.307345651194225,2026-01-27 19:01:43.183894,2026-01-27 19:01:43.943572,0 days 00:00:00.759678,20,24,1.0,0,50,220,38,0.07,3.6,False,68,12,True,True,True,True,True,True,True,False,False,False,1.25,1.0,7.0,36.608557844690964,11.991547807712626,50.237717908082416,33.22818086225026,50.15873015873016,COMPLETE
152,38.307345651194225,2026-01-27 19:01:43.982903,2026-01-27 19:01:44.753530,0 days 00:00:00.770627,20,24,1.0,10,50,220,38,0.07,3.6,False,68,12,True,True,True,True,True,True,True,False,False,False,1.3,1.0,7.0,36.344426835710514,13.523507659799261,50.237717908082416,33.22818086225026,50.15873015873016,COMPLETE
153,38.306836248012715,2026-01-27 19:01:44.810974,2026-01-27 19:01:45.561221,0 days 00:00:00.750247,20,23,1.0,0,50,220,40,0.07,3.8,False,67,12,True,True,True,True,True,True,True,False,False,False,1.25,1.0,7.0,36.64727657324167,11.951348492860921,50.34373347435219,33.193277310924366,50.23847376788553,COMPLETE
154,38.25807734367233,2026-01-27 19:01:45.600693,2026-01-27 19:01:46.349756,0 days 00:00:00.749063,20,24,1.0,0,50,200,38,0.08,3.8,False,68,12,True,True,True,True,True,True,True,False,False,False,1.3,1.0,7.0,36.714210248283145,12.466983623877443,50.60750132065505,33.08977035490606,50.317460317460316,COMPLETE
155,37.91946778711485,2026-01-27 19:01:46.395402,2026-01-27 19:01:47.156648,0 days 00:00:00.761246,20,23,1.0,0,50,220,36,0.08,3.6,False,69,12,True,True,True,True,True,True,True,False,False,False,0.9,1.0,7.0,36.46437994722955,12.031662269129288,50.23746701846966,32.878151260504204,49.682539682539684,COMPLETE
156,37.771784794687626,2026-01-27 19:01:47.202216,2026-01-27 19:01:48.005466,0 days 00:00:00.803250,20,25,1.0,5,50,220,42,0.07,3.8,False,67,12,True,True,True,True,True,True,True,False,False,False,1.25,1.0,7.0,36.262572789835886,11.911064055055585,49.76177871889889,32.87234042553192,49.203821656050955,COMPLETE
157,26.179977502812147,2026-01-27 19:01:48.048077,2026-01-27 19:01:48.802003,0 days 00:00:00.753926,20,24,1.0,0,50,200,38,0.09,3.4000000000000004,False,66,12,True,True,True,False,True,True,True,False,False,False,1.25,1.0,6.0,40.253565768621236,13.206550449022716,13.417855256207078,31.88976377952756,12.857142857142856,COMPLETE
158,0.0,2026-01-27 19:01:48.841916,2026-01-27 19:01:49.534815,0 days 00:00:00.692899,20,23,1.0,10,50,240,34,0.07,3.8,False,68,14,False,True,False,True,False,False,True,False,False,False,1.3,1.0,,,,,,,COMPLETE
159,34.484248798029,2026-01-27 19:01:49.583337,2026-01-27 19:01:50.430883,0 days 00:00:00.847546,20,23,1.25,0,50,200,40,0.08,3.6,False,68,12,True,True,True,True,True,True,True,False,False,False,1.25,1.0,7.0,37.07033315705976,12.480169222633528,49.86779481755685,27.995758218451748,49.62406015037594,COMPLETE
160,37.53144508074085,2026-01-27 19:01:50.489072,2026-01-27 19:01:51.377675,0 days 00:00:00.888603,20,24,1.0,0,50,180,36,0.1,3.2,False,69,12,True,True,True,True,True,True,True,False,False,False,1.3,1.0,7.0,36.46437994722955,13.192612137203167,48.70712401055409,32.936078006500544,48.25396825396825,COMPLETE
161,38.307345651194225,2026-01-27 19:01:51.432207,2026-01-27 19:01:52.307274,0 days 00:00:00.875067,20,24,1.0,0,50,220,38,0.07,3.6,False,68,12,True,True,True,True,True,True,True,False,False,False,1.25,1.0,7.0,36.608557844690964,11.991547807712626,50.237717908082416,33.22818086225026,50.15873015873016,COMPLETE
162,38.307345651194225,2026-01-27 19:01:52.365602,2026-01-27 19:01:53.261928,0 days 00:00:00.896326,20,24,1.0,0,50,220,38,0.07,3.6,False,68,12,True,True,True,True,True,True,True,False,False,False,1.25,1.0,7.0,36.608557844690964,11.991547807712626,50.237717908082416,33.22818086225026,50.15873015873016,COMPLETE
163,38.21219857101585,2026-01-27 19:01:53.305212,2026-01-27 19:01:54.161276,0 days 00:00:00.856064,20,25,1.0,0,50,220,40,0.060000000000000005,3.6,False,67,12,True,True,True,True,True,True,True,False,False,False,1.25,1.0,7.0,36.59439450026441,11.89846641988366,49.762030671602325,33.262486716259296,49.76152623211447,COMPLETE
164,38.88102549105619,2026-01-27 19:01:54.210493,2026-01-27 19:01:55.086358,0 days 00:00:00.875865,20,23,1.0,5,50,160,38,0.07,4.0,False,69,12,True,True,True,True,True,True,True,False,False,False,1.25,1.0,7.0,36.76703645007924,13.681986265187533,51.61119915478077,33.36745138178096,51.746031746031754,COMPLETE
165,38.30988786952089,2026-01-27 19:01:55.141163,2026-01-27 19:01:56.057312,0 days 00:00:00.916149,20,22,1.0,5,50,160,36,0.060000000000000005,4.0,False,69,12,True,True,True,True,True,True,True,False,False,False,1.3,1.0,7.0,36.41160949868074,13.562005277044856,51.76781002638522,32.82364933741081,51.11111111111111,COMPLETE
166,38.66672227783339,2026-01-27 19:01:56.121780,2026-01-27 19:01:56.987754,0 days 00:00:00.865974,20,22,1.0,5,50,140,40,0.060000000000000005,4.0,False,69,12,True,True,True,True,True,True,True,False,False,False,1.3,1.0,7.0,36.70015864621893,14.225277630883133,51.4013749338974,33.23045267489712,51.35135135135135,COMPLETE
167,38.523138726643225,2026-01-27 19:01:57.035342,2026-01-27 19:01:57.901208,0 days 00:00:00.865866,20,22,1.0,5,50,140,42,0.060000000000000005,4.0,False,69,12,True,True,True,True,True,True,True,False,False,False,1.3,1.0,7.0,36.52726310217046,14.081524616199047,51.032292218104814,33.19502074688796,50.955414012738856,COMPLETE
168,28.600417112902313,2026-01-27 19:01:57.950240,2026-01-27 19:01:58.814260,0 days 00:00:00.864020,20,22,1.0,5,50,140,42,0.060000000000000005,4.0,False,69,12,True,True,True,True,True,True,True,False,False,True,1.3,1.0,8.0,43.515087347803075,6.987824245632609,11.964002117522499,35.39823008849557,12.738853503184714,COMPLETE
169,38.49905943698228,2026-01-27 19:01:58.856900,2026-01-27 19:01:59.611763,0 days 00:00:00.754863,20,22,1.0,5,50,140,42,0.060000000000000005,4.0,False,70,12,True,True,True,True,True,True,True,False,False,False,1.3,1.0,7.0,36.47432503970355,14.081524616199047,51.085230280571736,33.160621761658035,50.955414012738856,COMPLETE
170,27.834353337912944,2026-01-27 19:01:59.653450,2026-01-27 19:02:00.414723,0 days 00:00:00.761273,20,22,1.75,5,50,120,44,0.060000000000000005,4.0,False,69,12,True,True,True,True,True,True,True,False,False,False,1.3,1.0,7.0,35.50609432962374,14.626391096979333,50.66242713301536,17.88702928870293,51.04477611940299,COMPLETE
171,0.0,2026-01-27 19:02:00.472064,2026-01-27 19:02:01.176272,0 days 00:00:00.704208,20,23,1.0,5,80,140,42,0.060000000000000005,4.0,False,70,12,True,True,True,True,True,True,True,False,False,False,1.3,1.0,,,,,,,COMPLETE
172,38.378526806034735,2026-01-27 19:02:01.229465,2026-01-27 19:02:01.977053,0 days 00:00:00.747588,20,22,1.0,5,50,140,40,0.060000000000000005,3.8,False,69,12,True,True,True,True,True,True,True,False,False,False,1.3,1.0,7.0,36.64727657324167,14.225277630883133,50.97831835007932,33.09128630705394,50.71542130365659,COMPLETE
173,0.0,2026-01-27 19:02:02.017235,2026-01-27 19:02:02.706581,0 days 00:00:00.689346,20,22,1.0,5,85,120,40,0.060000000000000005,4.0,False,69,12,True,True,True,True,True,True,True,False,False,False,1.3,1.0,,,,,,,COMPLETE
174,38.30615135034507,2026-01-27 19:02:02.762313,2026-01-27 19:02:03.511682,0 days 00:00:00.749369,20,22,1.0,10,50,140,42,0.060000000000000005,3.8,False,69,12,True,True,True,True,True,True,True,False,False,False,1.3,1.0,7.0,35.944944415034406,16.199047114875594,50.714663843303335,33.08977035490606,50.477707006369435,COMPLETE
175,38.499297923943686,2026-01-27 19:02:03.552806,2026-01-27 19:02:04.315247,0 days 00:00:00.762441,20,23,1.0,5,50,160,40,0.060000000000000005,3.8,False,70,12,True,True,True,True,True,True,True,False,False,False,1.3,1.0,7.0,36.75304071919619,13.53781068217874,50.71390798519302,33.263816475495304,50.71542130365659,COMPLETE
176,36.118879299201055,2026-01-27 19:02:04.369112,2026-01-27 19:02:05.123160,0 days 00:00:00.754048,10,23,1.0,5,50,160,40,0.060000000000000005,4.0,False,70,12,True,True,True,True,True,True,True,False,False,False,1.3,1.0,7.0,35.27234267583289,13.220518244315176,50.07932310946589,31.362196409714887,47.21780604133545,COMPLETE
177,27.67795284389317,2026-01-27 19:02:05.163109,2026-01-27 19:02:05.928151,0 days 00:00:00.765042,20,23,1.0,0,50,160,44,0.060000000000000005,3.8,True,70,12,True,True,True,True,True,True,True,False,False,False,1.3,1.0,7.0,40.85850556438791,5.776364599894011,21.144674085850557,31.07769423558897,19.745222929936308,COMPLETE
178,38.76390834368475,2026-01-27 19:02:05.970376,2026-01-27 19:02:06.736130,0 days 00:00:00.765754,20,23,1.0,10,50,120,42,0.060000000000000005,4.0,False,68,12,True,True,True,True,True,True,True,False,False,False,1.3,1.0,7.0,36.20963472736898,16.72842773954473,51.032292218104814,33.40248962655601,51.27388535031847,COMPLETE
179,35.20056497175141,2026-01-27 19:02:06.778694,2026-01-27 19:02:07.543701,0 days 00:00:00.765007,20,23,1.25,10,50,160,42,0.060000000000000005,4.0,False,69,12,True,True,True,True,True,True,True,False,False,False,1.3,1.0,7.0,36.050820539968235,15.404976177871891,50.82053996823716,28.333333333333332,51.2241054613936,COMPLETE
180,38.73967855846341,2026-01-27 19:02:07.585499,2026-01-27 19:02:08.350765,0 days 00:00:00.765266,20,22,1.0,10,50,120,42,0.060000000000000005,4.0,False,68,12,True,True,True,True,True,True,True,False,False,False,1.3,1.0,7.0,36.156696664902064,16.72842773954473,51.085230280571736,33.36787564766839,51.27388535031847,COMPLETE
181,38.62105245606429,2026-01-27 19:02:08.391831,2026-01-27 19:02:09.136456,0 days 00:00:00.744625,20,22,1.0,15,50,120,44,0.060000000000000005,4.0,False,68,12,True,True,True,True,True,True,True,False,False,False,1.3,1.0,7.0,35.77106518282989,21.515633280339163,50.609432962374136,33.403141361256544,50.79617834394905,COMPLETE
182,38.62105245606429,2026-01-27 19:02:09.184086,2026-01-27 19:02:09.931168,0 days 00:00:00.747082,20,22,1.0,10,50,120,44,0.060000000000000005,4.0,False,68,12,True,True,True,True,True,True,True,False,False,False,1.3,1.0,7.0,36.248012718600954,17.117117117117118,50.609432962374136,33.403141361256544,50.79617834394905,COMPLETE
183,38.62105245606429,2026-01-27 19:02:09.974702,2026-01-27 19:02:10.729653,0 days 00:00:00.754951,20,22,1.0,10,50,120,44,0.060000000000000005,4.0,False,67,12,True,True,True,True,True,True,True,False,False,False,1.3,1.0,7.0,36.248012718600954,17.117117117117118,50.609432962374136,33.403141361256544,50.79617834394905,COMPLETE
184,38.59659408895877,2026-01-27 19:02:10.780902,2026-01-27 19:02:11.539362,0 days 00:00:00.758460,20,22,1.0,15,50,120,44,0.060000000000000005,4.0,False,69,12,True,True,True,True,True,True,True,False,False,False,1.3,1.0,7.0,35.71807101218866,21.515633280339163,50.66242713301536,33.36820083682008,50.79617834394905,COMPLETE
185,38.59659408895877,2026-01-27 19:02:11.579066,2026-01-27 19:02:12.341060,0 days 00:00:00.761994,20,22,1.0,15,50,120,44,0.060000000000000005,4.0,False,69,12,True,True,True,True,True,True,True,False,False,False,1.3,1.0,7.0,35.71807101218866,21.515633280339163,50.66242713301536,33.36820083682008,50.79617834394905,COMPLETE
186,26.51985553143792,2026-01-27 19:02:12.387148,2026-01-27 19:02:13.145484,0 days 00:00:00.758336,20,22,1.0,15,50,120,44,0.060000000000000005,4.0,False,70,12,True,True,True,False,True,True,True,False,False,False,1.3,1.0,6.0,36.40699523052464,30.36565977742448,18.97191308956015,30.446927374301673,17.35668789808917,COMPLETE
187,38.59659408895877,2026-01-27 19:02:13.185109,2026-01-27 19:02:13.956652,0 days 00:00:00.771543,20,22,1.0,15,50,120,44,0.060000000000000005,4.0,False,69,12,True,True,True,True,True,True,True,False,False,False,1.3,1.0,7.0,35.71807101218866,21.515633280339163,50.66242713301536,33.36820083682008,50.79617834394905,COMPLETE
188,0.0,2026-01-27 19:02:14.005653,2026-01-27 19:02:14.712798,0 days 00:00:00.707145,20,22,1.0,15,50,120,44,0.060000000000000005,4.0,False,69,12,False,True,False,True,False,True,True,False,False,False,1.3,1.0,,,,,,,COMPLETE
189,23.653708748269548,2026-01-27 19:02:14.760943,2026-01-27 19:02:15.533296,0 days 00:00:00.772353,20,22,2.25,15,50,120,44,0.060000000000000005,4.0,False,69,20,True,True,True,True,True,False,True,False,False,False,1.3,1.0,6.0,29.83571807101219,24.271330153683095,48.436671966083736,11.269146608315099,52.55102040816326,COMPLETE
190,38.523138726643225,2026-01-27 19:02:15.580162,2026-01-27 19:02:16.349656,0 days 00:00:00.769494,20,22,1.0,10,50,100,44,0.060000000000000005,4.0,False,70,12,True,True,True,True,True,True,True,False,False,False,1.3,1.0,7.0,35.77106518282989,17.912029676735557,51.0863804981452,33.19502074688796,50.955414012738856,COMPLETE
191,38.523138726643225,2026-01-27 19:02:16.390173,2026-01-27 19:02:17.151606,0 days 00:00:00.761433,20,22,1.0,10,50,100,44,0.060000000000000005,4.0,False,70,12,True,True,True,True,True,True,True,False,False,False,1.3,1.0,7.0,35.77106518282989,17.912029676735557,51.0863804981452,33.19502074688796,50.955414012738856,COMPLETE
192,38.523138726643225,2026-01-27 19:02:17.197847,2026-01-27 19:02:17.962237,0 days 00:00:00.764390,20,22,1.0,10,50,100,44,0.060000000000000005,4.0,False,70,12,True,True,True,True,True,True,True,False,False,False,1.3,1.0,7.0,35.77106518282989,17.912029676735557,51.0863804981452,33.19502074688796,50.955414012738856,COMPLETE
193,38.523138726643225,2026-01-27 19:02:18.002088,2026-01-27 19:02:18.755065,0 days 00:00:00.752977,20,22,1.0,10,50,100,44,0.060000000000000005,4.0,False,70,12,True,True,True,True,True,True,True,False,False,False,1.3,1.0,7.0,35.77106518282989,17.912029676735557,51.0863804981452,33.19502074688796,50.955414012738856,COMPLETE
194,38.523138726643225,2026-01-27 19:02:18.802657,2026-01-27 19:02:19.566958,0 days 00:00:00.764301,20,22,1.0,10,50,100,44,0.060000000000000005,4.0,False,70,12,True,True,True,True,True,True,True,False,False,False,1.3,1.0,7.0,35.77106518282989,17.912029676735557,51.0863804981452,33.19502074688796,50.955414012738856,COMPLETE
195,38.49905943698228,2026-01-27 19:02:19.608023,2026-01-27 19:02:20.352223,0 days 00:00:00.744200,20,21,1.0,10,50,100,44,0.060000000000000005,4.0,False,70,12,True,True,True,True,True,True,True,False,False,False,1.3,1.0,7.0,35.71807101218866,17.912029676735557,51.13937466878643,33.160621761658035,50.955414012738856,COMPLETE
196,37.91812857605527,2026-01-27 19:02:20.396583,2026-01-27 19:02:21.148770,0 days 00:00:00.752187,20,22,1.0,10,50,100,44,0.13,4.0,False,70,12,True,True,True,True,True,True,True,False,False,False,1.3,1.0,7.0,35.50609432962374,18.441971383147855,50.02649708532061,32.94491525423729,49.52229299363057,COMPLETE
197,0.0,2026-01-27 19:02:21.189977,2026-01-27 19:02:21.877384,0 days 00:00:00.687407,20,22,1.0,15,90,100,44,0.060000000000000005,4.0,False,69,12,True,True,True,True,True,True,True,False,False,False,1.3,1.0,,,,,,,COMPLETE
198,0.0,2026-01-27 19:02:21.937869,2026-01-27 19:02:22.623706,0 days 00:00:00.685837,20,21,1.0,10,95,100,46,0.060000000000000005,4.0,False,70,12,True,True,True,True,True,True,True,False,False,True,1.3,1.0,,,,,,,COMPLETE
199,37.966760605061914,2026-01-27 19:02:22.675568,2026-01-27 19:02:23.442838,0 days 00:00:00.767270,20,22,1.0,10,50,120,46,0.060000000000000005,4.0,False,69,12,True,True,True,True,True,True,True,False,False,False,1.3,1.0,7.0,35.70291777188329,17.082228116710876,50.238726790450926,32.946145723336855,49.681528662420384,COMPLETE
200,38.426990944510194,2026-01-27 19:02:23.488597,2026-01-27 19:02:24.249749,0 days 00:00:00.761152,20,22,1.0,10,50,100,44,0.07,4.0,False,69,12,True,True,True,True,True,True,True,False,False,False,1.3,0.95,7.0,35.87705352411235,17.912029676735557,50.768415474297825,33.194154488517746,50.63694267515923,COMPLETE
201,38.015387194099894,2026-01-27 19:02:24.308918,2026-01-27 19:02:25.075158,0 days 00:00:00.766240,20,22,1.0,10,50,120,46,0.060000000000000005,4.0,False,70,12,True,True,True,True,True,True,True,False,False,False,1.3,1.0,7.0,35.649867374005304,17.082228116710876,50.397877984084886,32.94736842105263,49.84076433121019,COMPLETE
202,38.61995753715499,2026-01-27 19:02:25.115701,2026-01-27 19:02:25.882283,0 days 00:00:00.766582,20,21,1.0,10,50,120,44,0.060000000000000005,4.0,False,70,12,True,True,True,True,True,True,True,False,False,False,1.3,1.0,7.0,36.089030206677265,17.117117117117118,50.87440381558028,33.33333333333333,50.955414012738856,COMPLETE
203,38.61995753715499,2026-01-27 19:02:25.933869,2026-01-27 19:02:26.694078,0 days 00:00:00.760209,20,21,1.0,10,50,120,44,0.060000000000000005,4.0,False,70,12,True,True,True,True,True,True,True,False,False,False,1.3,1.0,7.0,36.089030206677265,17.117117117117118,50.87440381558028,33.33333333333333,50.955414012738856,COMPLETE
