number,value,datetime_start,datetime_complete,duration,params_adx_period,params_adx_strength_threshold,params_atr_multiplier,params_bear_threshold,params_bull_threshold,params_ema_period,params_ma_period,params_ma_slope_threshold,params_price_proximity_max,params_require_fresh_momentum,params_rsi_exhaustion_threshold,params_rsi_period,params_use_adx_acceleration,params_use_adx_strength,params_use_long_term_anchor,params_use_ma_slope,params_use_price_proximity,params_use_rsi_equilibrium,params_use_rsi_exhaustion,params_use_rsi_ignition,params_use_rsi_rising,params_use_volume_confirmation,params_vol_momentum,params_vol_standard,user_attrs_features_enabled,user_attrs_train_accuracy,user_attrs_train_bear_calls_pct,user_attrs_train_bull_calls_pct,user_attrs_train_bull_precision,user_attrs_train_bull_recall,state
204,38.715498938428865,2026-01-27 19:02:26.739717,2026-01-27 19:02:27.495291,0 days 00:00:00.755574,20,21,1.0,10,50,120,44,0.060000000000000005,4.2,False,69,12,True,True,True,True,True,True,True,False,False,False,1.3,1.0,7.0,35.9830418653948,17.064122946475887,51.19236883942766,33.33333333333333,51.27388535031847,COMPLETE
205,38.16123483193081,2026-01-27 19:02:27.535876,2026-01-27 19:02:28.299585,0 days 00:00:00.763709,20,21,1.0,10,50,120,46,0.07,4.2,False,69,12,True,True,True,True,True,True,True,False,False,False,1.3,1.0,7.0,35.49071618037135,17.082228116710876,50.87533156498674,32.95099061522419,50.318471337579616,COMPLETE
206,38.64352353516399,2026-01-27 19:02:28.347897,2026-01-27 19:02:29.119481,0 days 00:00:00.771584,20,21,1.0,20,50,120,44,0.07,4.2,False,69,12,True,True,True,True,True,True,True,False,False,False,1.3,1.0,7.0,35.40010598834129,23.105458399576044,51.0863804981452,33.29875518672199,51.11464968152867,COMPLETE
207,38.499343358066845,2026-01-27 19:02:29.160800,2026-01-27 19:02:29.910571,0 days 00:00:00.749771,20,21,1.0,20,50,120,42,0.07,4.2,False,69,12,True,True,True,True,True,True,True,False,False,False,1.3,1.0,7.0,35.20381154049762,23.133933298041292,51.349920592906294,33.092783505154635,51.11464968152867,COMPLETE
208,38.64352353516399,2026-01-27 19:02:29.957266,2026-01-27 19:02:30.726026,0 days 00:00:00.768760,20,21,1.0,15,50,120,44,0.07,4.2,False,69,12,True,True,True,True,True,True,True,False,False,False,1.3,1.0,7.0,35.50609432962374,21.62162162162162,51.0863804981452,33.29875518672199,51.11464968152867,COMPLETE
209,27.6531112199902,2026-01-27 19:02:30.768709,2026-01-27 19:02:31.530212,0 days 00:00:00.761503,20,21,1.0,15,50,120,46,0.07,4.2,True,69,18,True,True,True,True,True,True,True,False,False,False,1.3,1.0,7.0,40.47745358090186,8.222811671087534,22.06896551724138,30.76923076923077,20.382165605095544,COMPLETE
210,38.64352353516399,2026-01-27 19:02:31.572244,2026-01-27 19:02:32.324582,0 days 00:00:00.752338,20,21,1.0,15,50,120,44,0.07,4.2,False,69,12,True,True,True,True,True,True,True,False,False,False,1.3,1.0,7.0,35.50609432962374,21.62162162162162,51.0863804981452,33.29875518672199,51.11464968152867,COMPLETE
211,38.64352353516399,2026-01-27 19:02:32.365126,2026-01-27 19:02:33.121071,0 days 00:00:00.755945,20,21,1.0,15,50,120,44,0.07,4.2,False,69,12,True,True,True,True,True,True,True,False,False,False,1.3,1.0,7.0,35.50609432962374,21.62162162162162,51.0863804981452,33.29875518672199,51.11464968152867,COMPLETE
212,38.64352353516399,2026-01-27 19:02:33.161067,2026-01-27 19:02:33.935808,0 days 00:00:00.774741,20,21,1.0,15,50,120,44,0.07,4.2,False,69,12,True,True,True,True,True,True,True,False,False,False,1.3,1.0,7.0,35.50609432962374,21.62162162162162,51.0863804981452,33.29875518672199,51.11464968152867,COMPLETE
213,38.64352353516399,2026-01-27 19:02:33.979966,2026-01-27 19:02:34.757509,0 days 00:00:00.777543,20,21,1.0,15,50,120,44,0.07,4.2,False,69,12,True,True,True,True,True,True,True,False,False,False,1.3,1.0,7.0,35.50609432962374,21.62162162162162,51.0863804981452,33.29875518672199,51.11464968152867,COMPLETE
214,38.64352353516399,2026-01-27 19:02:34.796869,2026-01-27 19:02:35.562914,0 days 00:00:00.766045,20,21,1.0,15,50,120,44,0.07,4.2,False,69,12,True,True,True,True,True,True,True,False,False,False,1.3,1.0,7.0,35.50609432962374,21.62162162162162,51.0863804981452,33.29875518672199,51.11464968152867,COMPLETE
215,38.64352353516399,2026-01-27 19:02:35.605565,2026-01-27 19:02:36.372677,0 days 00:00:00.767112,20,21,1.0,15,50,120,44,0.07,4.2,False,69,12,True,True,True,True,True,True,True,False,False,False,1.3,1.0,7.0,35.50609432962374,21.62162162162162,51.0863804981452,33.29875518672199,51.11464968152867,COMPLETE
216,38.16123483193081,2026-01-27 19:02:36.416015,2026-01-27 19:02:37.196489,0 days 00:00:00.780474,20,21,1.0,15,50,120,46,0.07,4.2,False,69,12,True,True,True,True,True,True,True,False,False,False,1.3,1.0,7.0,35.11936339522547,21.750663129973475,50.87533156498674,32.95099061522419,50.318471337579616,COMPLETE
217,38.64352353516399,2026-01-27 19:02:37.236858,2026-01-27 19:02:37.990602,0 days 00:00:00.753744,20,21,1.0,15,50,120,44,0.07,4.2,False,69,12,True,True,True,True,True,True,True,False,False,False,1.3,1.0,7.0,35.50609432962374,21.62162162162162,51.0863804981452,33.29875518672199,51.11464968152867,COMPLETE
218,38.16123483193081,2026-01-27 19:02:38.031298,2026-01-27 19:02:38.785859,0 days 00:00:00.754561,20,21,1.0,15,50,120,46,0.07,4.2,False,69,12,True,True,True,True,True,True,True,False,False,False,1.3,1.0,7.0,35.11936339522547,21.750663129973475,50.87533156498674,32.95099061522419,50.318471337579616,COMPLETE
219,26.89747277583727,2026-01-27 19:02:38.826478,2026-01-27 19:02:39.589441,0 days 00:00:00.762963,20,21,1.0,15,50,120,44,0.07,4.2,False,69,12,True,True,True,False,True,True,True,False,False,False,1.3,1.0,6.0,36.45998940116587,30.312665606783252,19.71383147853736,30.64516129032258,18.152866242038215,COMPLETE
220,38.64352353516399,2026-01-27 19:02:39.634200,2026-01-27 19:02:40.402382,0 days 00:00:00.768182,20,21,1.0,15,50,120,44,0.07,4.2,False,69,12,True,True,True,True,True,True,True,False,False,False,1.3,1.0,7.0,35.50609432962374,21.62162162162162,51.0863804981452,33.29875518672199,51.11464968152867,COMPLETE
221,38.64352353516399,2026-01-27 19:02:40.445208,2026-01-27 19:02:41.190922,0 days 00:00:00.745714,20,21,1.0,15,50,120,44,0.07,4.2,False,69,12,True,True,True,True,True,True,True,False,False,False,1.3,1.0,7.0,35.50609432962374,21.62162162162162,51.0863804981452,33.29875518672199,51.11464968152867,COMPLETE
222,38.64352353516399,2026-01-27 19:02:41.231461,2026-01-27 19:02:41.995193,0 days 00:00:00.763732,20,21,1.0,15,50,120,44,0.07,4.2,False,69,12,True,True,True,True,True,True,True,False,False,False,1.3,1.0,7.0,35.50609432962374,21.62162162162162,51.0863804981452,33.29875518672199,51.11464968152867,COMPLETE
223,38.499343358066845,2026-01-27 19:02:42.036186,2026-01-27 19:02:42.799839,0 days 00:00:00.763653,20,21,1.0,15,50,120,42,0.07,4.2,False,69,12,True,True,True,True,True,True,True,False,False,False,1.3,1.0,7.0,35.30968766543145,21.65166754896771,51.349920592906294,33.092783505154635,51.11464968152867,COMPLETE
224,38.16123483193081,2026-01-27 19:02:42.840013,2026-01-27 19:02:43.594733,0 days 00:00:00.754720,20,21,1.0,20,50,120,46,0.07,4.2,False,69,12,True,True,True,True,True,True,True,False,False,False,1.3,1.0,7.0,35.172413793103445,23.39522546419098,50.87533156498674,32.95099061522419,50.318471337579616,COMPLETE
225,38.595264469675996,2026-01-27 19:02:43.640461,2026-01-27 19:02:44.403836,0 days 00:00:00.763375,20,20,1.0,15,50,120,44,0.07,4.2,False,69,12,True,True,True,True,True,True,True,False,False,False,1.3,1.0,7.0,35.453100158982515,21.62162162162162,51.19236883942766,33.22981366459628,51.11464968152867,COMPLETE
226,38.16123483193081,2026-01-27 19:02:44.444760,2026-01-27 19:02:45.212411,0 days 00:00:00.767651,20,21,1.0,15,50,120,46,0.07,4.2,False,69,12,True,True,True,True,True,True,True,False,False,False,1.3,1.0,7.0,35.11936339522547,21.750663129973475,50.87533156498674,32.95099061522419,50.318471337579616,COMPLETE
227,29.216931871891248,2026-01-27 19:02:45.256194,2026-01-27 19:02:46.022345,0 days 00:00:00.766151,20,21,1.0,15,50,120,42,0.08,4.2,False,69,12,False,True,False,True,True,False,True,False,False,False,1.3,1.0,4.0,38.53890947591318,26.310217046056117,14.981471678136579,34.98233215547703,15.764331210191083,COMPLETE
228,38.40275391812247,2026-01-27 19:02:46.065812,2026-01-27 19:02:46.843496,0 days 00:00:00.777684,20,20,1.0,15,50,120,44,0.08,4.2,False,69,12,True,True,True,True,True,True,True,False,False,False,1.3,1.0,7.0,35.2411234764176,21.833598304186538,51.0863804981452,33.09128630705394,50.79617834394905,COMPLETE
229,32.72395425932134,2026-01-27 19:02:46.884484,2026-01-27 19:02:47.645418,0 days 00:00:00.760934,20,21,1.0,15,50,120,42,0.07,4.4,False,68,12,True,True,True,True,False,True,True,False,False,False,1.3,1.0,6.0,35.25674960296453,23.82212811011117,36.20963472736898,31.871345029239766,34.71337579617834,COMPLETE
230,38.64352353516399,2026-01-27 19:02:47.686419,2026-01-27 19:02:48.461630,0 days 00:00:00.775211,20,21,1.0,15,50,120,44,0.07,4.2,False,69,12,True,True,True,True,True,True,True,False,False,False,1.3,1.0,7.0,35.50609432962374,21.62162162162162,51.0863804981452,33.29875518672199,51.11464968152867,COMPLETE
231,38.64352353516399,2026-01-27 19:02:48.504688,2026-01-27 19:02:49.260616,0 days 00:00:00.755928,20,21,1.0,15,50,120,44,0.07,4.2,False,69,12,True,True,True,True,True,True,True,False,False,False,1.3,1.0,7.0,35.50609432962374,21.62162162162162,51.0863804981452,33.29875518672199,51.11464968152867,COMPLETE
232,38.64325951634425,2026-01-27 19:02:49.302831,2026-01-27 19:02:50.068318,0 days 00:00:00.765487,20,21,1.0,15,50,120,44,0.07,4.4,False,69,12,True,True,True,True,True,True,True,False,False,False,1.3,1.0,7.0,35.40010598834129,21.62162162162162,51.35135135135135,33.23013415892673,51.27388535031847,COMPLETE
233,38.64325951634425,2026-01-27 19:02:50.114915,2026-01-27 19:02:50.897651,0 days 00:00:00.782736,20,21,1.0,15,50,120,44,0.07,4.4,False,69,12,True,True,True,True,True,True,True,False,False,False,1.3,1.0,7.0,35.40010598834129,21.62162162162162,51.35135135135135,33.23013415892673,51.27388535031847,COMPLETE
234,38.209840168438895,2026-01-27 19:02:50.942453,2026-01-27 19:02:51.703290,0 days 00:00:00.760837,20,21,1.0,15,50,120,46,0.07,4.4,False,69,12,True,True,True,True,True,True,True,False,False,False,1.3,1.0,7.0,35.06631299734748,21.697612732095493,51.03448275862069,32.95218295218295,50.477707006369435,COMPLETE
235,38.476427900177505,2026-01-27 19:02:51.749194,2026-01-27 19:02:52.505083,0 days 00:00:00.755889,20,21,1.0,15,50,120,42,0.07,4.4,False,69,12,True,True,True,True,True,True,True,False,False,False,1.3,1.0,7.0,35.150873478030704,21.65166754896771,51.66754896770777,32.99180327868852,51.27388535031847,COMPLETE
236,38.403239270901125,2026-01-27 19:02:52.548759,2026-01-27 19:02:53.318340,0 days 00:00:00.769581,20,20,1.0,15,50,120,44,0.08,4.4,False,69,12,True,True,True,True,True,True,True,False,False,False,1.3,1.0,7.0,35.13513513513514,21.833598304186538,51.35135135135135,33.02373581011352,50.955414012738856,COMPLETE
237,38.64325951634425,2026-01-27 19:02:53.359263,2026-01-27 19:02:54.129075,0 days 00:00:00.769812,20,21,1.0,15,50,120,44,0.07,4.4,False,69,12,True,True,True,True,True,True,True,False,False,False,1.3,1.0,7.0,35.40010598834129,21.62162162162162,51.35135135135135,33.23013415892673,51.27388535031847,COMPLETE
238,28.38305955972734,2026-01-27 19:02:54.168489,2026-01-27 19:02:54.948588,0 days 00:00:00.780099,20,21,1.0,15,50,120,42,0.07,4.4,False,69,12,True,True,True,True,True,True,True,False,False,True,1.3,1.0,8.0,43.6209634727369,10.217046056114345,12.069878242456326,35.08771929824561,12.738853503184714,COMPLETE
239,37.967607105538136,2026-01-27 19:02:54.988744,2026-01-27 19:02:55.736046,0 days 00:00:00.747302,20,21,1.0,15,50,140,46,0.07,4.2,False,69,12,True,True,True,True,True,True,True,False,False,False,1.3,1.0,7.0,35.0132625994695,21.697612732095493,50.76923076923077,32.81086729362591,50.0,COMPLETE
240,38.403239270901125,2026-01-27 19:02:55.779100,2026-01-27 19:02:56.543597,0 days 00:00:00.764497,20,20,1.0,20,50,120,44,0.08,4.4,False,69,12,True,True,True,True,True,True,True,False,False,False,1.3,1.0,7.0,35.029146793852675,23.317435082140964,51.35135135135135,33.02373581011352,50.955414012738856,COMPLETE
241,38.64352353516399,2026-01-27 19:02:56.583650,2026-01-27 19:02:57.348219,0 days 00:00:00.764569,20,21,1.0,15,50,120,44,0.07,4.2,False,69,12,True,True,True,True,True,True,True,False,False,False,1.3,1.0,7.0,35.50609432962374,21.62162162162162,51.0863804981452,33.29875518672199,51.11464968152867,COMPLETE
242,38.69136932794973,2026-01-27 19:02:57.386840,2026-01-27 19:02:58.152009,0 days 00:00:00.765169,20,21,1.0,15,50,120,44,0.07,4.2,False,69,16,True,True,True,True,True,True,True,False,False,False,1.3,1.0,7.0,35.40010598834129,21.88659247482777,51.24536301006889,33.29886246122027,51.27388535031847,COMPLETE
243,38.69136932794973,2026-01-27 19:02:58.193633,2026-01-27 19:02:58.953552,0 days 00:00:00.759919,20,21,1.0,15,50,120,44,0.07,4.2,False,69,16,True,True,True,True,True,True,True,False,False,False,1.3,1.0,7.0,35.40010598834129,21.88659247482777,51.24536301006889,33.29886246122027,51.27388535031847,COMPLETE
244,38.45167885507588,2026-01-27 19:02:58.992664,2026-01-27 19:02:59.744762,0 days 00:00:00.752098,20,21,1.0,15,50,120,42,0.07,4.2,False,69,16,True,True,True,True,True,True,True,False,False,False,1.3,1.0,7.0,35.150873478030704,22.022233986236103,51.45579671784013,33.0246913580247,51.11464968152867,COMPLETE
245,38.69136932794973,2026-01-27 19:02:59.786239,2026-01-27 19:03:00.555862,0 days 00:00:00.769623,20,21,1.0,15,50,120,44,0.07,4.2,False,69,16,True,True,True,True,True,True,True,False,False,False,1.3,1.0,7.0,35.40010598834129,21.88659247482777,51.24536301006889,33.29886246122027,51.27388535031847,COMPLETE
246,37.968768621634865,2026-01-27 19:03:00.598496,2026-01-27 19:03:01.370933,0 days 00:00:00.772437,20,20,1.0,15,50,140,46,0.07,4.2,False,69,16,True,True,True,True,True,True,True,False,False,False,1.3,1.0,7.0,34.85411140583554,21.962864721485413,51.03448275862069,32.74428274428274,50.15923566878981,COMPLETE
247,38.54720482181396,2026-01-27 19:03:01.412505,2026-01-27 19:03:02.163417,0 days 00:00:00.750912,20,21,1.0,15,50,120,42,0.08,4.2,False,69,12,True,True,True,True,True,True,True,False,False,False,1.3,1.0,7.0,35.30968766543145,21.81048173636845,51.24404446797247,33.16115702479338,51.11464968152867,COMPLETE
248,38.69136932794973,2026-01-27 19:03:02.207540,2026-01-27 19:03:02.963164,0 days 00:00:00.755624,20,21,1.0,15,50,120,44,0.07,4.2,False,69,16,True,True,True,True,True,True,True,False,False,False,1.3,1.0,7.0,35.40010598834129,21.88659247482777,51.24536301006889,33.29886246122027,51.27388535031847,COMPLETE
249,0.0,2026-01-27 19:03:03.002000,2026-01-27 19:03:03.701405,0 days 00:00:00.699405,20,21,1.0,20,75,120,44,0.07,4.2,True,69,16,True,True,True,True,True,True,True,False,False,False,1.3,1.0,,,,,,,COMPLETE
250,38.45167885507588,2026-01-27 19:03:03.753969,2026-01-27 19:03:04.523057,0 days 00:00:00.769088,20,20,1.0,15,50,120,42,0.08,4.2,False,69,16,True,True,True,True,True,True,True,False,False,False,1.3,1.0,7.0,35.09793541556379,22.181048173636846,51.45579671784013,33.0246913580247,51.11464968152867,COMPLETE
251,37.47854015335675,2026-01-27 19:03:04.593313,2026-01-27 19:03:05.352873,0 days 00:00:00.759560,20,21,1.0,15,55,120,44,0.07,4.2,False,68,16,True,True,True,True,True,True,True,False,False,False,1.3,1.0,7.0,35.930047694753576,21.88659247482777,46.79385267620562,33.4088335220838,46.97452229299363,COMPLETE
252,38.209840168438895,2026-01-27 19:03:05.394498,2026-01-27 19:03:06.155350,0 days 00:00:00.760852,20,21,1.0,15,50,120,46,0.07,4.2,False,69,16,True,True,True,True,True,True,True,False,False,False,1.3,1.0,7.0,35.0132625994695,22.015915119363395,51.03448275862069,32.95218295218295,50.477707006369435,COMPLETE
253,38.45167885507588,2026-01-27 19:03:06.201444,2026-01-27 19:03:06.966504,0 days 00:00:00.765060,20,21,1.0,15,50,120,42,0.07,4.2,False,69,16,True,True,True,True,True,True,True,False,False,False,1.3,1.0,7.0,35.150873478030704,22.022233986236103,51.45579671784013,33.0246913580247,51.11464968152867,COMPLETE
254,29.16348195329087,2026-01-27 19:03:07.007481,2026-01-27 19:03:07.782416,0 days 00:00:00.774935,20,20,1.0,15,50,140,44,0.07,4.2,False,68,16,True,True,True,False,True,True,True,False,False,False,1.3,1.0,6.0,36.830948595654476,30.25967143614203,22.257551669316374,32.38095238095238,21.656050955414013,COMPLETE
255,27.431625655506252,2026-01-27 19:03:07.829667,2026-01-27 19:03:08.606174,0 days 00:00:00.776507,20,21,1.75,15,50,120,46,0.07,4.2,False,69,16,True,True,True,True,True,True,True,False,False,False,1.3,1.0,7.0,30.55702917771883,22.015915119363395,51.03448275862069,17.56756756756757,50.44776119402985,COMPLETE
256,0.0,2026-01-27 19:03:08.647305,2026-01-27 19:03:09.345433,0 days 00:00:00.698128,20,21,1.0,15,50,120,44,0.07,4.2,False,69,16,True,False,False,True,True,True,True,False,False,False,1.0,1.0,,,,,,,COMPLETE
257,32.03634588359827,2026-01-27 19:03:09.401248,2026-01-27 19:03:10.145263,0 days 00:00:00.744015,20,21,1.0,20,50,120,44,0.08,4.2,False,68,16,False,True,True,True,False,False,True,False,False,False,1.3,1.0,4.0,38.526762056173816,28.66984631690514,18.494965553789083,36.96275071633238,20.541401273885352,COMPLETE
258,35.866730205960295,2026-01-27 19:03:10.186514,2026-01-27 19:03:10.943068,0 days 00:00:00.756554,12,20,1.0,15,50,120,46,0.07,4.2,False,69,16,True,True,True,True,True,True,True,False,False,False,1.3,0.85,7.0,33.89920424403183,20.371352785145888,50.87533156498674,30.96976016684046,47.29299363057325,COMPLETE
259,38.25947205988574,2026-01-27 19:03:10.984610,2026-01-27 19:03:11.746937,0 days 00:00:00.762327,20,21,1.0,15,50,140,42,0.07,4.2,False,70,16,True,True,True,True,True,True,True,False,False,False,1.3,1.0,7.0,35.044997353096875,22.022233986236103,51.349920592906294,32.88659793814433,50.79617834394905,COMPLETE
260,37.365155614255585,2026-01-27 19:03:11.790542,2026-01-27 19:03:12.548956,0 days 00:00:00.758414,20,21,1.0,15,55,120,46,0.08,4.2,False,69,16,True,True,True,True,True,True,True,False,False,False,1.3,1.0,7.0,35.54376657824933,22.281167108753316,47.58620689655172,33.11036789297659,47.29299363057325,COMPLETE
261,38.69136932794973,2026-01-27 19:03:12.592236,2026-01-27 19:03:13.365574,0 days 00:00:00.773338,20,21,1.0,15,50,120,44,0.07,4.2,False,68,16,True,True,True,True,True,True,True,False,False,False,1.3,1.0,7.0,35.40010598834129,21.88659247482777,51.24536301006889,33.29886246122027,51.27388535031847,COMPLETE
262,35.084222640719815,2026-01-27 19:03:13.407456,2026-01-27 19:03:14.173317,0 days 00:00:00.765861,20,20,1.25,20,50,120,42,0.08,4.2,False,68,16,True,True,True,True,True,True,True,False,False,False,1.3,1.0,7.0,33.82742191635786,23.5574377977766,51.45579671784013,28.08641975308642,51.41242937853108,COMPLETE
263,15.715656565656566,2026-01-27 19:03:14.216445,2026-01-27 19:03:14.971327,0 days 00:00:00.754882,20,21,2.0,15,50,120,44,0.07,4.2,False,68,16,True,True,True,True,True,True,True,False,False,True,1.3,1.0,8.0,63.169051404345524,10.227874933757287,11.92368839427663,16.444444444444446,14.015151515151514,COMPLETE
264,38.49905943698228,2026-01-27 19:03:15.013437,2026-01-27 19:03:15.775188,0 days 00:00:00.761751,20,21,1.0,15,50,140,44,0.07,4.2,False,68,16,True,True,True,True,True,True,True,False,False,False,1.3,1.0,7.0,35.294117647058826,21.88659247482777,51.13937466878643,33.160621761658035,50.955414012738856,COMPLETE
265,34.367330484560185,2026-01-27 19:03:15.820127,2026-01-27 19:03:16.586473,0 days 00:00:00.766346,20,21,1.0,15,50,120,46,0.07,2.0,False,69,16,True,True,True,True,True,True,True,False,False,False,1.3,1.0,7.0,35.0132625994695,22.44031830238727,41.90981432360743,31.89873417721519,40.12738853503185,COMPLETE
266,38.40421009953047,2026-01-27 19:03:16.630474,2026-01-27 19:03:17.396644,0 days 00:00:00.766170,20,20,1.0,15,50,120,42,0.07,4.2,False,68,16,True,True,True,True,True,True,True,False,False,False,1.3,1.0,7.0,35.09793541556379,22.022233986236103,51.56167284277395,32.95687885010267,51.11464968152867,COMPLETE
267,38.69136932794973,2026-01-27 19:03:17.439714,2026-01-27 19:03:18.206640,0 days 00:00:00.766926,20,21,1.0,15,50,120,44,0.07,4.2,False,69,16,True,True,True,True,True,True,True,False,False,False,1.3,1.0,7.0,35.40010598834129,21.88659247482777,51.24536301006889,33.29886246122027,51.27388535031847,COMPLETE
268,38.476427900177505,2026-01-27 19:03:18.249222,2026-01-27 19:03:19.026191,0 days 00:00:00.776969,20,21,1.0,15,50,120,42,0.08,4.4,False,69,16,True,True,True,True,True,True,True,False,False,False,1.3,1.0,7.0,34.99205929062996,22.181048173636846,51.66754896770777,32.99180327868852,51.27388535031847,COMPLETE
269,27.194734607218685,2026-01-27 19:03:19.070193,2026-01-27 19:03:19.852157,0 days 00:00:00.781964,20,21,1.0,15,55,120,44,0.07,4.2,True,68,16,True,True,True,True,True,True,True,False,False,False,1.3,1.0,7.0,40.911499735029146,8.214096449390567,19.87281399046105,30.933333333333334,18.471337579617835,COMPLETE
270,14.27027027027027,2026-01-27 19:03:19.891283,2026-01-27 19:03:20.659182,0 days 00:00:00.767899,20,20,3.0,15,50,120,12,0.07,4.2,False,70,18,True,True,True,True,True,True,True,False,False,False,1.3,1.0,7.0,29.27974947807933,22.65135699373695,48.2776617954071,3.2432432432432434,40.0,COMPLETE
271,0.0,2026-01-27 19:03:20.698034,2026-01-27 19:03:21.435230,0 days 00:00:00.737196,20,21,1.0,20,85,140,46,0.08,4.2,False,69,16,True,True,True,True,True,True,True,False,False,False,1.3,1.0,,,,,,,COMPLETE
272,38.691253178160466,2026-01-27 19:03:21.492403,2026-01-27 19:03:22.369973,0 days 00:00:00.877570,20,21,1.0,15,50,120,44,0.07,4.4,False,69,16,True,True,True,True,True,True,True,False,False,False,1.3,1.0,7.0,35.294117647058826,21.88659247482777,51.51033386327504,33.23045267489712,51.433121019108285,COMPLETE
